\BOOKMARK [0][-]{chapter.1}{\376\377\0001\000\040\000R\000E\000A\000D\000M\000E}{}% 1
\BOOKMARK [0][-]{chapter.2}{\376\377\0002\000\040\000H\000i\000e\000r\000a\000r\000c\000h\000i\000c\000a\000l\000\040\000I\000n\000d\000e\000x}{}% 2
\BOOKMARK [1][-]{section.2.1}{\376\377\0002\000.\0001\000\040\000C\000l\000a\000s\000s\000\040\000H\000i\000e\000r\000a\000r\000c\000h\000y}{chapter.2}% 3
\BOOKMARK [0][-]{chapter.3}{\376\377\0003\000\040\000C\000l\000a\000s\000s\000\040\000I\000n\000d\000e\000x}{}% 4
\BOOKMARK [1][-]{section.3.1}{\376\377\0003\000.\0001\000\040\000C\000l\000a\000s\000s\000\040\000L\000i\000s\000t}{chapter.3}% 5
\BOOKMARK [0][-]{chapter.4}{\376\377\0004\000\040\000F\000i\000l\000e\000\040\000I\000n\000d\000e\000x}{}% 6
\BOOKMARK [1][-]{section.4.1}{\376\377\0004\000.\0001\000\040\000F\000i\000l\000e\000\040\000L\000i\000s\000t}{chapter.4}% 7
\BOOKMARK [0][-]{chapter.5}{\376\377\0005\000\040\000C\000l\000a\000s\000s\000\040\000D\000o\000c\000u\000m\000e\000n\000t\000a\000t\000i\000o\000n}{}% 8
\BOOKMARK [1][-]{section.5.1}{\376\377\0005\000.\0001\000\040\000x\000m\000e\000m\000:\000:\000c\000o\000n\000f\000i\000g\000:\000:\000t\000h\000i\000r\000d\000\137\000p\000a\000r\000t\000y\000:\000:\000P\000a\000r\000s\000e\000r\000:\000:\000A\000c\000t\000i\000o\000n\000\040\000S\000t\000r\000u\000c\000t\000\040\000R\000e\000f\000e\000r\000e\000n\000c\000e}{chapter.5}% 9
\BOOKMARK [2][-]{subsection.5.1.1}{\376\377\0005\000.\0001\000.\0001\000\040\000M\000e\000m\000b\000e\000r\000\040\000F\000u\000n\000c\000t\000i\000o\000n\000\040\000D\000o\000c\000u\000m\000e\000n\000t\000a\000t\000i\000o\000n}{section.5.1}% 10
\BOOKMARK [3][-]{subsubsection.5.1.1.1}{\376\377\0005\000.\0001\000.\0001\000.\0001\000\040\000f\000i\000n\000i\000s\000h\000e\000d}{subsection.5.1.1}% 11
\BOOKMARK [3][-]{subsubsection.5.1.1.2}{\376\377\0005\000.\0001\000.\0001\000.\0002\000\040\000p\000e\000r\000f\000o\000r\000m}{subsection.5.1.1}% 12
\BOOKMARK [1][-]{section.5.2}{\376\377\0005\000.\0002\000\040\000x\000m\000e\000m\000:\000:\000c\000o\000n\000f\000i\000g\000:\000:\000t\000h\000i\000r\000d\000\137\000p\000a\000r\000t\000y\000:\000:\000A\000r\000g\000\040\000S\000t\000r\000u\000c\000t\000\040\000R\000e\000f\000e\000r\000e\000n\000c\000e}{chapter.5}% 13
\BOOKMARK [2][-]{subsection.5.2.1}{\376\377\0005\000.\0002\000.\0001\000\040\000D\000e\000t\000a\000i\000l\000e\000d\000\040\000D\000e\000s\000c\000r\000i\000p\000t\000i\000o\000n}{section.5.2}% 14
\BOOKMARK [1][-]{section.5.3}{\376\377\0005\000.\0003\000\040\000x\000m\000e\000m\000:\000:\000b\000e\000n\000c\000h\000m\000a\000r\000k\000:\000:\000B\000e\000n\000c\000h\000m\000a\000r\000k\000\040\000C\000l\000a\000s\000s\000\040\000R\000e\000f\000e\000r\000e\000n\000c\000e}{chapter.5}% 15
\BOOKMARK [2][-]{subsection.5.3.1}{\376\377\0005\000.\0003\000.\0001\000\040\000D\000e\000t\000a\000i\000l\000e\000d\000\040\000D\000e\000s\000c\000r\000i\000p\000t\000i\000o\000n}{section.5.3}% 16
\BOOKMARK [2][-]{subsection.5.3.2}{\376\377\0005\000.\0003\000.\0002\000\040\000C\000o\000n\000s\000t\000r\000u\000c\000t\000o\000r\000\040\000\046\000\040\000D\000e\000s\000t\000r\000u\000c\000t\000o\000r\000\040\000D\000o\000c\000u\000m\000e\000n\000t\000a\000t\000i\000o\000n}{section.5.3}% 17
\BOOKMARK [3][-]{subsubsection.5.3.2.1}{\376\377\0005\000.\0003\000.\0002\000.\0001\000\040\000B\000e\000n\000c\000h\000m\000a\000r\000k}{subsection.5.3.2}% 18
\BOOKMARK [2][-]{subsection.5.3.3}{\376\377\0005\000.\0003\000.\0003\000\040\000M\000e\000m\000b\000e\000r\000\040\000F\000u\000n\000c\000t\000i\000o\000n\000\040\000D\000o\000c\000u\000m\000e\000n\000t\000a\000t\000i\000o\000n}{section.5.3}% 19
\BOOKMARK [3][-]{subsubsection.5.3.3.1}{\376\377\0005\000.\0003\000.\0003\000.\0001\000\040\000\137\000s\000t\000a\000r\000t\000\137\000p\000o\000w\000e\000r\000\137\000t\000h\000r\000e\000a\000d\000s}{subsection.5.3.3}% 20
\BOOKMARK [3][-]{subsubsection.5.3.3.2}{\376\377\0005\000.\0003\000.\0003\000.\0002\000\040\000\137\000s\000t\000o\000p\000\137\000p\000o\000w\000e\000r\000\137\000t\000h\000r\000e\000a\000d\000s}{subsection.5.3.3}% 21
\BOOKMARK [3][-]{subsubsection.5.3.3.3}{\376\377\0005\000.\0003\000.\0003\000.\0003\000\040\000g\000e\000t\000A\000v\000e\000r\000a\000g\000e\000D\000R\000A\000M\000P\000o\000w\000e\000r}{subsection.5.3.3}% 22
\BOOKMARK [3][-]{subsubsection.5.3.3.4}{\376\377\0005\000.\0003\000.\0003\000.\0004\000\040\000g\000e\000t\000A\000v\000e\000r\000a\000g\000e\000M\000e\000t\000r\000i\000c}{subsection.5.3.3}% 23
\BOOKMARK [3][-]{subsubsection.5.3.3.5}{\376\377\0005\000.\0003\000.\0003\000.\0005\000\040\000g\000e\000t\000C\000h\000u\000n\000k\000S\000i\000z\000e}{subsection.5.3.3}% 24
\BOOKMARK [3][-]{subsubsection.5.3.3.6}{\376\377\0005\000.\0003\000.\0003\000.\0006\000\040\000g\000e\000t\000C\000P\000U\000N\000o\000d\000e}{subsection.5.3.3}% 25
\BOOKMARK [3][-]{subsubsection.5.3.3.7}{\376\377\0005\000.\0003\000.\0003\000.\0007\000\040\000g\000e\000t\000I\000t\000e\000r\000a\000t\000i\000o\000n\000s}{subsection.5.3.3}% 26
\BOOKMARK [3][-]{subsubsection.5.3.3.8}{\376\377\0005\000.\0003\000.\0003\000.\0008\000\040\000g\000e\000t\000L\000e\000n}{subsection.5.3.3}% 27
\BOOKMARK [3][-]{subsubsection.5.3.3.9}{\376\377\0005\000.\0003\000.\0003\000.\0009\000\040\000g\000e\000t\000M\000e\000m\000N\000o\000d\000e}{subsection.5.3.3}% 28
\BOOKMARK [3][-]{subsubsection.5.3.3.10}{\376\377\0005\000.\0003\000.\0003\000.\0001\0000\000\040\000g\000e\000t\000M\000e\000t\000r\000i\000c\000O\000n\000I\000t\000e\000r}{subsection.5.3.3}% 29
\BOOKMARK [3][-]{subsubsection.5.3.3.11}{\376\377\0005\000.\0003\000.\0003\000.\0001\0001\000\040\000g\000e\000t\000N\000a\000m\000e}{subsection.5.3.3}% 30
\BOOKMARK [3][-]{subsubsection.5.3.3.12}{\376\377\0005\000.\0003\000.\0003\000.\0001\0002\000\040\000g\000e\000t\000N\000u\000m\000T\000h\000r\000e\000a\000d\000s}{subsection.5.3.3}% 31
\BOOKMARK [3][-]{subsubsection.5.3.3.13}{\376\377\0005\000.\0003\000.\0003\000.\0001\0003\000\040\000g\000e\000t\000P\000e\000a\000k\000D\000R\000A\000M\000P\000o\000w\000e\000r}{subsection.5.3.3}% 32
\BOOKMARK [3][-]{subsubsection.5.3.3.14}{\376\377\0005\000.\0003\000.\0003\000.\0001\0004\000\040\000h\000a\000s\000R\000u\000n}{subsection.5.3.3}% 33
\BOOKMARK [3][-]{subsubsection.5.3.3.15}{\376\377\0005\000.\0003\000.\0003\000.\0001\0005\000\040\000i\000s\000V\000a\000l\000i\000d}{subsection.5.3.3}% 34
\BOOKMARK [3][-]{subsubsection.5.3.3.16}{\376\377\0005\000.\0003\000.\0003\000.\0001\0006\000\040\000r\000u\000n}{subsection.5.3.3}% 35
\BOOKMARK [2][-]{subsection.5.3.4}{\376\377\0005\000.\0003\000.\0004\000\040\000M\000e\000m\000b\000e\000r\000\040\000D\000a\000t\000a\000\040\000D\000o\000c\000u\000m\000e\000n\000t\000a\000t\000i\000o\000n}{section.5.3}% 36
\BOOKMARK [3][-]{subsubsection.5.3.4.1}{\376\377\0005\000.\0003\000.\0004\000.\0001\000\040\000\137\000a\000v\000e\000r\000a\000g\000e\000\137\000d\000r\000a\000m\000\137\000p\000o\000w\000e\000r\000\137\000s\000o\000c\000k\000e\000t}{subsection.5.3.4}% 37
\BOOKMARK [3][-]{subsubsection.5.3.4.2}{\376\377\0005\000.\0003\000.\0004\000.\0002\000\040\000\137\000a\000v\000e\000r\000a\000g\000e\000M\000e\000t\000r\000i\000c}{subsection.5.3.4}% 38
\BOOKMARK [3][-]{subsubsection.5.3.4.3}{\376\377\0005\000.\0003\000.\0004\000.\0003\000\040\000\137\000c\000h\000u\000n\000k\000\137\000s\000i\000z\000e}{subsection.5.3.4}% 39
\BOOKMARK [3][-]{subsubsection.5.3.4.4}{\376\377\0005\000.\0003\000.\0004\000.\0004\000\040\000\137\000c\000p\000u\000\137\000n\000o\000d\000e}{subsection.5.3.4}% 40
\BOOKMARK [3][-]{subsubsection.5.3.4.5}{\376\377\0005\000.\0003\000.\0004\000.\0005\000\040\000\137\000d\000r\000a\000m\000\137\000p\000o\000w\000e\000r\000\137\000r\000e\000a\000d\000e\000r\000s}{subsection.5.3.4}% 41
\BOOKMARK [3][-]{subsubsection.5.3.4.6}{\376\377\0005\000.\0003\000.\0004\000.\0006\000\040\000\137\000d\000r\000a\000m\000\137\000p\000o\000w\000e\000r\000\137\000t\000h\000r\000e\000a\000d\000s}{subsection.5.3.4}% 42
\BOOKMARK [3][-]{subsubsection.5.3.4.7}{\376\377\0005\000.\0003\000.\0004\000.\0007\000\040\000\137\000h\000a\000s\000R\000u\000n}{subsection.5.3.4}% 43
\BOOKMARK [3][-]{subsubsection.5.3.4.8}{\376\377\0005\000.\0003\000.\0004\000.\0008\000\040\000\137\000i\000n\000d\000i\000c\000e\000s}{subsection.5.3.4}% 44
\BOOKMARK [3][-]{subsubsection.5.3.4.9}{\376\377\0005\000.\0003\000.\0004\000.\0009\000\040\000\137\000i\000t\000e\000r\000a\000t\000i\000o\000n\000s}{subsection.5.3.4}% 45
\BOOKMARK [3][-]{subsubsection.5.3.4.10}{\376\377\0005\000.\0003\000.\0004\000.\0001\0000\000\040\000\137\000l\000e\000n}{subsection.5.3.4}% 46
\BOOKMARK [3][-]{subsubsection.5.3.4.11}{\376\377\0005\000.\0003\000.\0004\000.\0001\0001\000\040\000\137\000m\000e\000m\000\137\000a\000r\000r\000a\000y}{subsection.5.3.4}% 47
\BOOKMARK [3][-]{subsubsection.5.3.4.12}{\376\377\0005\000.\0003\000.\0004\000.\0001\0002\000\040\000\137\000m\000e\000m\000\137\000n\000o\000d\000e}{subsection.5.3.4}% 48
\BOOKMARK [3][-]{subsubsection.5.3.4.13}{\376\377\0005\000.\0003\000.\0004\000.\0001\0003\000\040\000\137\000m\000e\000t\000r\000i\000c\000O\000n\000I\000t\000e\000r}{subsection.5.3.4}% 49
\BOOKMARK [3][-]{subsubsection.5.3.4.14}{\376\377\0005\000.\0003\000.\0004\000.\0001\0004\000\040\000\137\000n\000a\000m\000e}{subsection.5.3.4}% 50
\BOOKMARK [3][-]{subsubsection.5.3.4.15}{\376\377\0005\000.\0003\000.\0004\000.\0001\0005\000\040\000\137\000n\000u\000m\000\137\000w\000o\000r\000k\000e\000r\000\137\000t\000h\000r\000e\000a\000d\000s}{subsection.5.3.4}% 51
\BOOKMARK [3][-]{subsubsection.5.3.4.16}{\376\377\0005\000.\0003\000.\0004\000.\0001\0006\000\040\000\137\000o\000b\000j\000\137\000v\000a\000l\000i\000d}{subsection.5.3.4}% 52
\BOOKMARK [3][-]{subsubsection.5.3.4.17}{\376\377\0005\000.\0003\000.\0004\000.\0001\0007\000\040\000\137\000p\000e\000a\000k\000\137\000d\000r\000a\000m\000\137\000p\000o\000w\000e\000r\000\137\000s\000o\000c\000k\000e\000t}{subsection.5.3.4}% 53
\BOOKMARK [3][-]{subsubsection.5.3.4.18}{\376\377\0005\000.\0003\000.\0004\000.\0001\0008\000\040\000\137\000t\000i\000m\000e\000r}{subsection.5.3.4}% 54
\BOOKMARK [3][-]{subsubsection.5.3.4.19}{\376\377\0005\000.\0003\000.\0004\000.\0001\0009\000\040\000\137\000w\000a\000r\000n\000i\000n\000g}{subsection.5.3.4}% 55
\BOOKMARK [1][-]{section.5.4}{\376\377\0005\000.\0004\000\040\000x\000m\000e\000m\000:\000:\000b\000e\000n\000c\000h\000m\000a\000r\000k\000:\000:\000B\000e\000n\000c\000h\000m\000a\000r\000k\000M\000a\000n\000a\000g\000e\000r\000\040\000C\000l\000a\000s\000s\000\040\000R\000e\000f\000e\000r\000e\000n\000c\000e}{chapter.5}% 56
\BOOKMARK [2][-]{subsection.5.4.1}{\376\377\0005\000.\0004\000.\0001\000\040\000D\000e\000t\000a\000i\000l\000e\000d\000\040\000D\000e\000s\000c\000r\000i\000p\000t\000i\000o\000n}{section.5.4}% 57
\BOOKMARK [2][-]{subsection.5.4.2}{\376\377\0005\000.\0004\000.\0002\000\040\000C\000o\000n\000s\000t\000r\000u\000c\000t\000o\000r\000\040\000\046\000\040\000D\000e\000s\000t\000r\000u\000c\000t\000o\000r\000\040\000D\000o\000c\000u\000m\000e\000n\000t\000a\000t\000i\000o\000n}{section.5.4}% 58
\BOOKMARK [3][-]{subsubsection.5.4.2.1}{\376\377\0005\000.\0004\000.\0002\000.\0001\000\040\000B\000e\000n\000c\000h\000m\000a\000r\000k\000M\000a\000n\000a\000g\000e\000r}{subsection.5.4.2}% 59
\BOOKMARK [2][-]{subsection.5.4.3}{\376\377\0005\000.\0004\000.\0003\000\040\000M\000e\000m\000b\000e\000r\000\040\000F\000u\000n\000c\000t\000i\000o\000n\000\040\000D\000o\000c\000u\000m\000e\000n\000t\000a\000t\000i\000o\000n}{section.5.4}% 60
\BOOKMARK [3][-]{subsubsection.5.4.3.1}{\376\377\0005\000.\0004\000.\0003\000.\0001\000\040\000r\000u\000n\000A\000l\000l}{subsection.5.4.3}% 61
\BOOKMARK [3][-]{subsubsection.5.4.3.2}{\376\377\0005\000.\0004\000.\0003\000.\0002\000\040\000r\000u\000n\000L\000a\000t\000e\000n\000c\000y\000B\000e\000n\000c\000h\000m\000a\000r\000k\000s}{subsection.5.4.3}% 62
\BOOKMARK [3][-]{subsubsection.5.4.3.3}{\376\377\0005\000.\0004\000.\0003\000.\0003\000\040\000r\000u\000n\000T\000h\000r\000o\000u\000g\000h\000p\000u\000t\000B\000e\000n\000c\000h\000m\000a\000r\000k\000s}{subsection.5.4.3}% 63
\BOOKMARK [1][-]{section.5.5}{\376\377\0005\000.\0005\000\040\000x\000m\000e\000m\000:\000:\000c\000o\000n\000f\000i\000g\000:\000:\000C\000o\000n\000f\000i\000g\000u\000r\000a\000t\000o\000r\000\040\000C\000l\000a\000s\000s\000\040\000R\000e\000f\000e\000r\000e\000n\000c\000e}{chapter.5}% 64
\BOOKMARK [2][-]{subsection.5.5.1}{\376\377\0005\000.\0005\000.\0001\000\040\000D\000e\000t\000a\000i\000l\000e\000d\000\040\000D\000e\000s\000c\000r\000i\000p\000t\000i\000o\000n}{section.5.5}% 65
\BOOKMARK [2][-]{subsection.5.5.2}{\376\377\0005\000.\0005\000.\0002\000\040\000C\000o\000n\000s\000t\000r\000u\000c\000t\000o\000r\000\040\000\046\000\040\000D\000e\000s\000t\000r\000u\000c\000t\000o\000r\000\040\000D\000o\000c\000u\000m\000e\000n\000t\000a\000t\000i\000o\000n}{section.5.5}% 66
\BOOKMARK [3][-]{subsubsection.5.5.2.1}{\376\377\0005\000.\0005\000.\0002\000.\0001\000\040\000C\000o\000n\000f\000i\000g\000u\000r\000a\000t\000o\000r}{subsection.5.5.2}% 67
\BOOKMARK [2][-]{subsection.5.5.3}{\376\377\0005\000.\0005\000.\0003\000\040\000M\000e\000m\000b\000e\000r\000\040\000F\000u\000n\000c\000t\000i\000o\000n\000\040\000D\000o\000c\000u\000m\000e\000n\000t\000a\000t\000i\000o\000n}{section.5.5}% 68
\BOOKMARK [3][-]{subsubsection.5.5.3.1}{\376\377\0005\000.\0005\000.\0003\000.\0001\000\040\000c\000o\000n\000f\000i\000g\000u\000r\000e\000F\000r\000o\000m\000I\000n\000p\000u\000t}{subsection.5.5.3}% 69
\BOOKMARK [3][-]{subsubsection.5.5.3.2}{\376\377\0005\000.\0005\000.\0003\000.\0002\000\040\000g\000e\000t\000I\000t\000e\000r\000a\000t\000i\000o\000n\000s\000P\000e\000r\000T\000e\000s\000t}{subsection.5.5.3}% 70
\BOOKMARK [3][-]{subsubsection.5.5.3.3}{\376\377\0005\000.\0005\000.\0003\000.\0003\000\040\000g\000e\000t\000O\000u\000t\000p\000u\000t\000F\000i\000l\000e\000n\000a\000m\000e}{subsection.5.5.3}% 71
\BOOKMARK [3][-]{subsubsection.5.5.3.4}{\376\377\0005\000.\0005\000.\0003\000.\0004\000\040\000g\000e\000t\000W\000o\000r\000k\000i\000n\000g\000S\000e\000t\000S\000i\000z\000e}{subsection.5.5.3}% 72
\BOOKMARK [3][-]{subsubsection.5.5.3.5}{\376\377\0005\000.\0005\000.\0003\000.\0005\000\040\000l\000a\000t\000e\000n\000c\000y\000T\000e\000s\000t\000S\000e\000l\000e\000c\000t\000e\000d}{subsection.5.5.3}% 73
\BOOKMARK [3][-]{subsubsection.5.5.3.6}{\376\377\0005\000.\0005\000.\0003\000.\0006\000\040\000t\000h\000r\000o\000u\000g\000h\000p\000u\000t\000T\000e\000s\000t\000S\000e\000l\000e\000c\000t\000e\000d}{subsection.5.5.3}% 74
\BOOKMARK [3][-]{subsubsection.5.5.3.7}{\376\377\0005\000.\0005\000.\0003\000.\0007\000\040\000u\000s\000e\000O\000u\000t\000p\000u\000t\000F\000i\000l\000e}{subsection.5.5.3}% 75
\BOOKMARK [1][-]{section.5.6}{\376\377\0005\000.\0006\000\040\000x\000m\000e\000m\000:\000:\000c\000o\000n\000f\000i\000g\000:\000:\000t\000h\000i\000r\000d\000\137\000p\000a\000r\000t\000y\000:\000:\000S\000t\000a\000t\000s\000:\000:\000C\000o\000u\000n\000t\000O\000p\000t\000i\000o\000n\000s\000A\000c\000t\000i\000o\000n\000\040\000C\000l\000a\000s\000s\000\040\000R\000e\000f\000e\000r\000e\000n\000c\000e}{chapter.5}% 76
\BOOKMARK [2][-]{subsection.5.6.1}{\376\377\0005\000.\0006\000.\0001\000\040\000C\000o\000n\000s\000t\000r\000u\000c\000t\000o\000r\000\040\000\046\000\040\000D\000e\000s\000t\000r\000u\000c\000t\000o\000r\000\040\000D\000o\000c\000u\000m\000e\000n\000t\000a\000t\000i\000o\000n}{section.5.6}% 77
\BOOKMARK [3][-]{subsubsection.5.6.1.1}{\376\377\0005\000.\0006\000.\0001\000.\0001\000\040\000C\000o\000u\000n\000t\000O\000p\000t\000i\000o\000n\000s\000A\000c\000t\000i\000o\000n}{subsection.5.6.1}% 78
\BOOKMARK [2][-]{subsection.5.6.2}{\376\377\0005\000.\0006\000.\0002\000\040\000M\000e\000m\000b\000e\000r\000\040\000F\000u\000n\000c\000t\000i\000o\000n\000\040\000D\000o\000c\000u\000m\000e\000n\000t\000a\000t\000i\000o\000n}{section.5.6}% 79
\BOOKMARK [3][-]{subsubsection.5.6.2.1}{\376\377\0005\000.\0006\000.\0002\000.\0001\000\040\000p\000e\000r\000f\000o\000r\000m}{subsection.5.6.2}% 80
\BOOKMARK [1][-]{section.5.7}{\376\377\0005\000.\0007\000\040\000x\000m\000e\000m\000:\000:\000c\000o\000n\000f\000i\000g\000:\000:\000t\000h\000i\000r\000d\000\137\000p\000a\000r\000t\000y\000:\000:\000D\000e\000s\000c\000r\000i\000p\000t\000o\000r\000\040\000S\000t\000r\000u\000c\000t\000\040\000R\000e\000f\000e\000r\000e\000n\000c\000e}{chapter.5}% 81
\BOOKMARK [2][-]{subsection.5.7.1}{\376\377\0005\000.\0007\000.\0001\000\040\000D\000e\000t\000a\000i\000l\000e\000d\000\040\000D\000e\000s\000c\000r\000i\000p\000t\000i\000o\000n}{section.5.7}% 82
\BOOKMARK [2][-]{subsection.5.7.2}{\376\377\0005\000.\0007\000.\0002\000\040\000M\000e\000m\000b\000e\000r\000\040\000D\000a\000t\000a\000\040\000D\000o\000c\000u\000m\000e\000n\000t\000a\000t\000i\000o\000n}{section.5.7}% 83
\BOOKMARK [3][-]{subsubsection.5.7.2.1}{\376\377\0005\000.\0007\000.\0002\000.\0001\000\040\000c\000h\000e\000c\000k\000\137\000a\000r\000g}{subsection.5.7.2}% 84
\BOOKMARK [3][-]{subsubsection.5.7.2.2}{\376\377\0005\000.\0007\000.\0002\000.\0002\000\040\000h\000e\000l\000p}{subsection.5.7.2}% 85
\BOOKMARK [3][-]{subsubsection.5.7.2.3}{\376\377\0005\000.\0007\000.\0002\000.\0003\000\040\000i\000n\000d\000e\000x}{subsection.5.7.2}% 86
\BOOKMARK [3][-]{subsubsection.5.7.2.4}{\376\377\0005\000.\0007\000.\0002\000.\0004\000\040\000l\000o\000n\000g\000o\000p\000t}{subsection.5.7.2}% 87
\BOOKMARK [3][-]{subsubsection.5.7.2.5}{\376\377\0005\000.\0007\000.\0002\000.\0005\000\040\000s\000h\000o\000r\000t\000o\000p\000t}{subsection.5.7.2}% 88
\BOOKMARK [3][-]{subsubsection.5.7.2.6}{\376\377\0005\000.\0007\000.\0002\000.\0006\000\040\000t\000y\000p\000e}{subsection.5.7.2}% 89
\BOOKMARK [1][-]{section.5.8}{\376\377\0005\000.\0008\000\040\000x\000m\000e\000m\000:\000:\000c\000o\000n\000f\000i\000g\000:\000:\000t\000h\000i\000r\000d\000\137\000p\000a\000r\000t\000y\000:\000:\000E\000x\000a\000m\000p\000l\000e\000A\000r\000g\000\040\000C\000l\000a\000s\000s\000\040\000R\000e\000f\000e\000r\000e\000n\000c\000e}{chapter.5}% 90
\BOOKMARK [1][-]{section.5.9}{\376\377\0005\000.\0009\000\040\000x\000m\000e\000m\000:\000:\000c\000o\000n\000f\000i\000g\000:\000:\000t\000h\000i\000r\000d\000\137\000p\000a\000r\000t\000y\000:\000:\000P\000r\000i\000n\000t\000U\000s\000a\000g\000e\000I\000m\000p\000l\000e\000m\000e\000n\000t\000a\000t\000i\000o\000n\000:\000:\000F\000u\000n\000c\000t\000i\000o\000n\000W\000r\000i\000t\000e\000r\000<\000\040\000F\000u\000n\000c\000t\000i\000o\000n\000\040\000>\000\040\000S\000t\000r\000u\000c\000t\000\040\000T\000e\000m\000p\000l\000a\000t\000e\000\040\000R\000e\000f\000e\000r\000e\000n\000c\000e}{chapter.5}% 91
\BOOKMARK [1][-]{section.5.10}{\376\377\0005\000.\0001\0000\000\040\000x\000m\000e\000m\000:\000:\000c\000o\000n\000f\000i\000g\000:\000:\000t\000h\000i\000r\000d\000\137\000p\000a\000r\000t\000y\000:\000:\000P\000r\000i\000n\000t\000U\000s\000a\000g\000e\000I\000m\000p\000l\000e\000m\000e\000n\000t\000a\000t\000i\000o\000n\000:\000:\000I\000S\000t\000r\000i\000n\000g\000W\000r\000i\000t\000e\000r\000\040\000S\000t\000r\000u\000c\000t\000\040\000R\000e\000f\000e\000r\000e\000n\000c\000e}{chapter.5}% 92
\BOOKMARK [1][-]{section.5.11}{\376\377\0005\000.\0001\0001\000\040\000x\000m\000e\000m\000:\000:\000b\000e\000n\000c\000h\000m\000a\000r\000k\000:\000:\000L\000a\000t\000e\000n\000c\000y\000B\000e\000n\000c\000h\000m\000a\000r\000k\000\040\000C\000l\000a\000s\000s\000\040\000R\000e\000f\000e\000r\000e\000n\000c\000e}{chapter.5}% 93
\BOOKMARK [2][-]{subsection.5.11.1}{\376\377\0005\000.\0001\0001\000.\0001\000\040\000D\000e\000t\000a\000i\000l\000e\000d\000\040\000D\000e\000s\000c\000r\000i\000p\000t\000i\000o\000n}{section.5.11}% 94
\BOOKMARK [2][-]{subsection.5.11.2}{\376\377\0005\000.\0001\0001\000.\0002\000\040\000C\000o\000n\000s\000t\000r\000u\000c\000t\000o\000r\000\040\000\046\000\040\000D\000e\000s\000t\000r\000u\000c\000t\000o\000r\000\040\000D\000o\000c\000u\000m\000e\000n\000t\000a\000t\000i\000o\000n}{section.5.11}% 95
\BOOKMARK [3][-]{subsubsection.5.11.2.1}{\376\377\0005\000.\0001\0001\000.\0002\000.\0001\000\040\000L\000a\000t\000e\000n\000c\000y\000B\000e\000n\000c\000h\000m\000a\000r\000k}{subsection.5.11.2}% 96
\BOOKMARK [2][-]{subsection.5.11.3}{\376\377\0005\000.\0001\0001\000.\0003\000\040\000M\000e\000m\000b\000e\000r\000\040\000F\000u\000n\000c\000t\000i\000o\000n\000\040\000D\000o\000c\000u\000m\000e\000n\000t\000a\000t\000i\000o\000n}{section.5.11}% 97
\BOOKMARK [3][-]{subsubsection.5.11.3.1}{\376\377\0005\000.\0001\0001\000.\0003\000.\0001\000\040\000r\000u\000n}{subsection.5.11.3}% 98
\BOOKMARK [1][-]{section.5.12}{\376\377\0005\000.\0001\0002\000\040\000x\000m\000e\000m\000:\000:\000c\000o\000n\000f\000i\000g\000:\000:\000t\000h\000i\000r\000d\000\137\000p\000a\000r\000t\000y\000:\000:\000P\000r\000i\000n\000t\000U\000s\000a\000g\000e\000I\000m\000p\000l\000e\000m\000e\000n\000t\000a\000t\000i\000o\000n\000:\000:\000L\000i\000n\000e\000P\000a\000r\000t\000I\000t\000e\000r\000a\000t\000o\000r\000\040\000C\000l\000a\000s\000s\000\040\000R\000e\000f\000e\000r\000e\000n\000c\000e}{chapter.5}% 99
\BOOKMARK [2][-]{subsection.5.12.1}{\376\377\0005\000.\0001\0002\000.\0001\000\040\000M\000e\000m\000b\000e\000r\000\040\000F\000u\000n\000c\000t\000i\000o\000n\000\040\000D\000o\000c\000u\000m\000e\000n\000t\000a\000t\000i\000o\000n}{section.5.12}% 100
\BOOKMARK [3][-]{subsubsection.5.12.1.1}{\376\377\0005\000.\0001\0002\000.\0001\000.\0001\000\040\000n\000e\000x\000t}{subsection.5.12.1}% 101
\BOOKMARK [3][-]{subsubsection.5.12.1.2}{\376\377\0005\000.\0001\0002\000.\0001\000.\0002\000\040\000n\000e\000x\000t\000R\000o\000w}{subsection.5.12.1}% 102
\BOOKMARK [3][-]{subsubsection.5.12.1.3}{\376\377\0005\000.\0001\0002\000.\0001\000.\0003\000\040\000n\000e\000x\000t\000T\000a\000b\000l\000e}{subsection.5.12.1}% 103
\BOOKMARK [1][-]{section.5.13}{\376\377\0005\000.\0001\0003\000\040\000x\000m\000e\000m\000:\000:\000c\000o\000n\000f\000i\000g\000:\000:\000t\000h\000i\000r\000d\000\137\000p\000a\000r\000t\000y\000:\000:\000P\000r\000i\000n\000t\000U\000s\000a\000g\000e\000I\000m\000p\000l\000e\000m\000e\000n\000t\000a\000t\000i\000o\000n\000:\000:\000L\000i\000n\000e\000W\000r\000a\000p\000p\000e\000r\000\040\000C\000l\000a\000s\000s\000\040\000R\000e\000f\000e\000r\000e\000n\000c\000e}{chapter.5}% 104
\BOOKMARK [2][-]{subsection.5.13.1}{\376\377\0005\000.\0001\0003\000.\0001\000\040\000C\000o\000n\000s\000t\000r\000u\000c\000t\000o\000r\000\040\000\046\000\040\000D\000e\000s\000t\000r\000u\000c\000t\000o\000r\000\040\000D\000o\000c\000u\000m\000e\000n\000t\000a\000t\000i\000o\000n}{section.5.13}% 105
\BOOKMARK [3][-]{subsubsection.5.13.1.1}{\376\377\0005\000.\0001\0003\000.\0001\000.\0001\000\040\000L\000i\000n\000e\000W\000r\000a\000p\000p\000e\000r}{subsection.5.13.1}% 106
\BOOKMARK [2][-]{subsection.5.13.2}{\376\377\0005\000.\0001\0003\000.\0002\000\040\000M\000e\000m\000b\000e\000r\000\040\000F\000u\000n\000c\000t\000i\000o\000n\000\040\000D\000o\000c\000u\000m\000e\000n\000t\000a\000t\000i\000o\000n}{section.5.13}% 107
\BOOKMARK [3][-]{subsubsection.5.13.2.1}{\376\377\0005\000.\0001\0003\000.\0002\000.\0001\000\040\000p\000r\000o\000c\000e\000s\000s}{subsection.5.13.2}% 108
\BOOKMARK [1][-]{section.5.14}{\376\377\0005\000.\0001\0004\000\040\000x\000m\000e\000m\000:\000:\000c\000o\000n\000f\000i\000g\000:\000:\000t\000h\000i\000r\000d\000\137\000p\000a\000r\000t\000y\000:\000:\000M\000y\000A\000r\000g\000\040\000C\000l\000a\000s\000s\000\040\000R\000e\000f\000e\000r\000e\000n\000c\000e}{chapter.5}% 109
\BOOKMARK [1][-]{section.5.15}{\376\377\0005\000.\0001\0005\000\040\000x\000m\000e\000m\000:\000:\000c\000o\000n\000f\000i\000g\000:\000:\000t\000h\000i\000r\000d\000\137\000p\000a\000r\000t\000y\000:\000:\000O\000p\000t\000i\000o\000n\000\040\000C\000l\000a\000s\000s\000\040\000R\000e\000f\000e\000r\000e\000n\000c\000e}{chapter.5}% 110
\BOOKMARK [2][-]{subsection.5.15.1}{\376\377\0005\000.\0001\0005\000.\0001\000\040\000D\000e\000t\000a\000i\000l\000e\000d\000\040\000D\000e\000s\000c\000r\000i\000p\000t\000i\000o\000n}{section.5.15}% 111
\BOOKMARK [2][-]{subsection.5.15.2}{\376\377\0005\000.\0001\0005\000.\0002\000\040\000C\000o\000n\000s\000t\000r\000u\000c\000t\000o\000r\000\040\000\046\000\040\000D\000e\000s\000t\000r\000u\000c\000t\000o\000r\000\040\000D\000o\000c\000u\000m\000e\000n\000t\000a\000t\000i\000o\000n}{section.5.15}% 112
\BOOKMARK [3][-]{subsubsection.5.15.2.1}{\376\377\0005\000.\0001\0005\000.\0002\000.\0001\000\040\000O\000p\000t\000i\000o\000n}{subsection.5.15.2}% 113
\BOOKMARK [3][-]{subsubsection.5.15.2.2}{\376\377\0005\000.\0001\0005\000.\0002\000.\0002\000\040\000O\000p\000t\000i\000o\000n}{subsection.5.15.2}% 114
\BOOKMARK [2][-]{subsection.5.15.3}{\376\377\0005\000.\0001\0005\000.\0003\000\040\000M\000e\000m\000b\000e\000r\000\040\000F\000u\000n\000c\000t\000i\000o\000n\000\040\000D\000o\000c\000u\000m\000e\000n\000t\000a\000t\000i\000o\000n}{section.5.15}% 115
\BOOKMARK [3][-]{subsubsection.5.15.3.1}{\376\377\0005\000.\0001\0005\000.\0003\000.\0001\000\040\000a\000p\000p\000e\000n\000d}{subsection.5.15.3}% 116
\BOOKMARK [3][-]{subsubsection.5.15.3.2}{\376\377\0005\000.\0001\0005\000.\0003\000.\0002\000\040\000c\000o\000u\000n\000t}{subsection.5.15.3}% 117
\BOOKMARK [3][-]{subsubsection.5.15.3.3}{\376\377\0005\000.\0001\0005\000.\0003\000.\0003\000\040\000f\000i\000r\000s\000t}{subsection.5.15.3}% 118
\BOOKMARK [3][-]{subsubsection.5.15.3.4}{\376\377\0005\000.\0001\0005\000.\0003\000.\0004\000\040\000i\000s\000F\000i\000r\000s\000t}{subsection.5.15.3}% 119
\BOOKMARK [3][-]{subsubsection.5.15.3.5}{\376\377\0005\000.\0001\0005\000.\0003\000.\0005\000\040\000i\000s\000L\000a\000s\000t}{subsection.5.15.3}% 120
\BOOKMARK [3][-]{subsubsection.5.15.3.6}{\376\377\0005\000.\0001\0005\000.\0003\000.\0006\000\040\000l\000a\000s\000t}{subsection.5.15.3}% 121
\BOOKMARK [3][-]{subsubsection.5.15.3.7}{\376\377\0005\000.\0001\0005\000.\0003\000.\0007\000\040\000n\000e\000x\000t}{subsection.5.15.3}% 122
\BOOKMARK [3][-]{subsubsection.5.15.3.8}{\376\377\0005\000.\0001\0005\000.\0003\000.\0008\000\040\000n\000e\000x\000t\000w\000r\000a\000p}{subsection.5.15.3}% 123
\BOOKMARK [3][-]{subsubsection.5.15.3.9}{\376\377\0005\000.\0001\0005\000.\0003\000.\0009\000\040\000o\000p\000e\000r\000a\000t\000o\000r\000\040\000c\000o\000n\000s\000t\000\040\000O\000p\000t\000i\000o\000n\000\040}{subsection.5.15.3}% 124
\BOOKMARK [3][-]{subsubsection.5.15.3.10}{\376\377\0005\000.\0001\0005\000.\0003\000.\0001\0000\000\040\000o\000p\000e\000r\000a\000t\000o\000r\000\040\000O\000p\000t\000i\000o\000n\000\040}{subsection.5.15.3}% 125
\BOOKMARK [3][-]{subsubsection.5.15.3.11}{\376\377\0005\000.\0001\0005\000.\0003\000.\0001\0001\000\040\000o\000p\000e\000r\000a\000t\000o\000r\000=}{subsection.5.15.3}% 126
\BOOKMARK [3][-]{subsubsection.5.15.3.12}{\376\377\0005\000.\0001\0005\000.\0003\000.\0001\0002\000\040\000p\000r\000e\000v}{subsection.5.15.3}% 127
\BOOKMARK [3][-]{subsubsection.5.15.3.13}{\376\377\0005\000.\0001\0005\000.\0003\000.\0001\0003\000\040\000p\000r\000e\000v\000w\000r\000a\000p}{subsection.5.15.3}% 128
\BOOKMARK [3][-]{subsubsection.5.15.3.14}{\376\377\0005\000.\0001\0005\000.\0003\000.\0001\0004\000\040\000t\000y\000p\000e}{subsection.5.15.3}% 129
\BOOKMARK [2][-]{subsection.5.15.4}{\376\377\0005\000.\0001\0005\000.\0004\000\040\000M\000e\000m\000b\000e\000r\000\040\000D\000a\000t\000a\000\040\000D\000o\000c\000u\000m\000e\000n\000t\000a\000t\000i\000o\000n}{section.5.15}% 130
\BOOKMARK [3][-]{subsubsection.5.15.4.1}{\376\377\0005\000.\0001\0005\000.\0004\000.\0001\000\040\000a\000r\000g}{subsection.5.15.4}% 131
\BOOKMARK [3][-]{subsubsection.5.15.4.2}{\376\377\0005\000.\0001\0005\000.\0004\000.\0002\000\040\000d\000e\000s\000c}{subsection.5.15.4}% 132
\BOOKMARK [3][-]{subsubsection.5.15.4.3}{\376\377\0005\000.\0001\0005\000.\0004\000.\0003\000\040\000n\000a\000m\000e}{subsection.5.15.4}% 133
\BOOKMARK [3][-]{subsubsection.5.15.4.4}{\376\377\0005\000.\0001\0005\000.\0004\000.\0004\000\040\000n\000a\000m\000e\000l\000e\000n}{subsection.5.15.4}% 134
\BOOKMARK [1][-]{section.5.16}{\376\377\0005\000.\0001\0006\000\040\000x\000m\000e\000m\000:\000:\000c\000o\000n\000f\000i\000g\000:\000:\000t\000h\000i\000r\000d\000\137\000p\000a\000r\000t\000y\000:\000:\000P\000r\000i\000n\000t\000U\000s\000a\000g\000e\000I\000m\000p\000l\000e\000m\000e\000n\000t\000a\000t\000i\000o\000n\000:\000:\000O\000S\000t\000r\000e\000a\000m\000W\000r\000i\000t\000e\000r\000<\000\040\000O\000S\000t\000r\000e\000a\000m\000\040\000>\000\040\000S\000t\000r\000u\000c\000t\000\040\000T\000e\000m\000p\000l\000a\000t\000e\000\040\000R\000e\000f\000e\000r\000e\000n\000c\000e}{chapter.5}% 135
\BOOKMARK [1][-]{section.5.17}{\376\377\0005\000.\0001\0007\000\040\000x\000m\000e\000m\000:\000:\000c\000o\000n\000f\000i\000g\000:\000:\000t\000h\000i\000r\000d\000\137\000p\000a\000r\000t\000y\000:\000:\000P\000a\000r\000s\000e\000r\000\040\000C\000l\000a\000s\000s\000\040\000R\000e\000f\000e\000r\000e\000n\000c\000e}{chapter.5}% 136
\BOOKMARK [2][-]{subsection.5.17.1}{\376\377\0005\000.\0001\0007\000.\0001\000\040\000D\000e\000t\000a\000i\000l\000e\000d\000\040\000D\000e\000s\000c\000r\000i\000p\000t\000i\000o\000n}{section.5.17}% 137
\BOOKMARK [2][-]{subsection.5.17.2}{\376\377\0005\000.\0001\0007\000.\0002\000\040\000C\000o\000n\000s\000t\000r\000u\000c\000t\000o\000r\000\040\000\046\000\040\000D\000e\000s\000t\000r\000u\000c\000t\000o\000r\000\040\000D\000o\000c\000u\000m\000e\000n\000t\000a\000t\000i\000o\000n}{section.5.17}% 138
\BOOKMARK [3][-]{subsubsection.5.17.2.1}{\376\377\0005\000.\0001\0007\000.\0002\000.\0001\000\040\000P\000a\000r\000s\000e\000r}{subsection.5.17.2}% 139
\BOOKMARK [2][-]{subsection.5.17.3}{\376\377\0005\000.\0001\0007\000.\0003\000\040\000M\000e\000m\000b\000e\000r\000\040\000F\000u\000n\000c\000t\000i\000o\000n\000\040\000D\000o\000c\000u\000m\000e\000n\000t\000a\000t\000i\000o\000n}{section.5.17}% 140
\BOOKMARK [3][-]{subsubsection.5.17.3.1}{\376\377\0005\000.\0001\0007\000.\0003\000.\0001\000\040\000e\000r\000r\000o\000r}{subsection.5.17.3}% 141
\BOOKMARK [3][-]{subsubsection.5.17.3.2}{\376\377\0005\000.\0001\0007\000.\0003\000.\0002\000\040\000n\000o\000n\000O\000p\000t\000i\000o\000n\000s}{subsection.5.17.3}% 142
\BOOKMARK [3][-]{subsubsection.5.17.3.3}{\376\377\0005\000.\0001\0007\000.\0003\000.\0003\000\040\000n\000o\000n\000O\000p\000t\000i\000o\000n\000s\000C\000o\000u\000n\000t}{subsection.5.17.3}% 143
\BOOKMARK [3][-]{subsubsection.5.17.3.4}{\376\377\0005\000.\0001\0007\000.\0003\000.\0004\000\040\000o\000p\000t\000i\000o\000n\000s\000C\000o\000u\000n\000t}{subsection.5.17.3}% 144
\BOOKMARK [3][-]{subsubsection.5.17.3.5}{\376\377\0005\000.\0001\0007\000.\0003\000.\0005\000\040\000p\000a\000r\000s\000e}{subsection.5.17.3}% 145
\BOOKMARK [1][-]{section.5.18}{\376\377\0005\000.\0001\0008\000\040\000x\000m\000e\000m\000:\000:\000p\000o\000w\000e\000r\000:\000:\000P\000o\000w\000e\000r\000R\000e\000a\000d\000e\000r\000\040\000C\000l\000a\000s\000s\000\040\000R\000e\000f\000e\000r\000e\000n\000c\000e}{chapter.5}% 146
\BOOKMARK [2][-]{subsection.5.18.1}{\376\377\0005\000.\0001\0008\000.\0001\000\040\000D\000e\000t\000a\000i\000l\000e\000d\000\040\000D\000e\000s\000c\000r\000i\000p\000t\000i\000o\000n}{section.5.18}% 147
\BOOKMARK [2][-]{subsection.5.18.2}{\376\377\0005\000.\0001\0008\000.\0002\000\040\000C\000o\000n\000s\000t\000r\000u\000c\000t\000o\000r\000\040\000\046\000\040\000D\000e\000s\000t\000r\000u\000c\000t\000o\000r\000\040\000D\000o\000c\000u\000m\000e\000n\000t\000a\000t\000i\000o\000n}{section.5.18}% 148
\BOOKMARK [3][-]{subsubsection.5.18.2.1}{\376\377\0005\000.\0001\0008\000.\0002\000.\0001\000\040\000P\000o\000w\000e\000r\000R\000e\000a\000d\000e\000r}{subsection.5.18.2}% 149
\BOOKMARK [2][-]{subsection.5.18.3}{\376\377\0005\000.\0001\0008\000.\0003\000\040\000M\000e\000m\000b\000e\000r\000\040\000F\000u\000n\000c\000t\000i\000o\000n\000\040\000D\000o\000c\000u\000m\000e\000n\000t\000a\000t\000i\000o\000n}{section.5.18}% 150
\BOOKMARK [3][-]{subsubsection.5.18.3.1}{\376\377\0005\000.\0001\0008\000.\0003\000.\0001\000\040\000c\000a\000l\000c\000u\000l\000a\000t\000e\000M\000e\000t\000r\000i\000c\000s}{subsection.5.18.3}% 151
\BOOKMARK [3][-]{subsubsection.5.18.3.2}{\376\377\0005\000.\0001\0008\000.\0003\000.\0002\000\040\000c\000l\000e\000a\000r}{subsection.5.18.3}% 152
\BOOKMARK [3][-]{subsubsection.5.18.3.3}{\376\377\0005\000.\0001\0008\000.\0003\000.\0003\000\040\000c\000l\000e\000a\000r\000\137\000a\000n\000d\000\137\000r\000e\000s\000e\000t}{subsection.5.18.3}% 153
\BOOKMARK [3][-]{subsubsection.5.18.3.4}{\376\377\0005\000.\0001\0008\000.\0003\000.\0004\000\040\000g\000e\000t\000A\000v\000e\000r\000a\000g\000e\000P\000o\000w\000e\000r}{subsection.5.18.3}% 154
\BOOKMARK [3][-]{subsubsection.5.18.3.5}{\376\377\0005\000.\0001\0008\000.\0003\000.\0005\000\040\000g\000e\000t\000L\000a\000s\000t\000S\000a\000m\000p\000l\000e}{subsection.5.18.3}% 155
\BOOKMARK [3][-]{subsubsection.5.18.3.6}{\376\377\0005\000.\0001\0008\000.\0003\000.\0006\000\040\000g\000e\000t\000N\000u\000m\000S\000a\000m\000p\000l\000e\000s}{subsection.5.18.3}% 156
\BOOKMARK [3][-]{subsubsection.5.18.3.7}{\376\377\0005\000.\0001\0008\000.\0003\000.\0007\000\040\000g\000e\000t\000P\000e\000a\000k\000P\000o\000w\000e\000r}{subsection.5.18.3}% 157
\BOOKMARK [3][-]{subsubsection.5.18.3.8}{\376\377\0005\000.\0001\0008\000.\0003\000.\0008\000\040\000g\000e\000t\000P\000o\000w\000e\000r\000T\000r\000a\000c\000e}{subsection.5.18.3}% 158
\BOOKMARK [3][-]{subsubsection.5.18.3.9}{\376\377\0005\000.\0001\0008\000.\0003\000.\0009\000\040\000g\000e\000t\000P\000o\000w\000e\000r\000U\000n\000i\000t\000s}{subsection.5.18.3}% 159
\BOOKMARK [3][-]{subsubsection.5.18.3.10}{\376\377\0005\000.\0001\0008\000.\0003\000.\0001\0000\000\040\000g\000e\000t\000S\000a\000m\000p\000l\000i\000n\000g\000P\000e\000r\000i\000o\000d}{subsection.5.18.3}% 160
\BOOKMARK [3][-]{subsubsection.5.18.3.11}{\376\377\0005\000.\0001\0008\000.\0003\000.\0001\0001\000\040\000n\000a\000m\000e}{subsection.5.18.3}% 161
\BOOKMARK [3][-]{subsubsection.5.18.3.12}{\376\377\0005\000.\0001\0008\000.\0003\000.\0001\0002\000\040\000s\000t\000o\000p}{subsection.5.18.3}% 162
\BOOKMARK [2][-]{subsection.5.18.4}{\376\377\0005\000.\0001\0008\000.\0004\000\040\000M\000e\000m\000b\000e\000r\000\040\000D\000a\000t\000a\000\040\000D\000o\000c\000u\000m\000e\000n\000t\000a\000t\000i\000o\000n}{section.5.18}% 163
\BOOKMARK [3][-]{subsubsection.5.18.4.1}{\376\377\0005\000.\0001\0008\000.\0004\000.\0001\000\040\000\137\000a\000v\000e\000r\000a\000g\000e\000\137\000p\000o\000w\000e\000r}{subsection.5.18.4}% 164
\BOOKMARK [3][-]{subsubsection.5.18.4.2}{\376\377\0005\000.\0001\0008\000.\0004\000.\0002\000\040\000\137\000c\000p\000u\000\137\000a\000f\000f\000i\000n\000i\000t\000y}{subsection.5.18.4}% 165
\BOOKMARK [3][-]{subsubsection.5.18.4.3}{\376\377\0005\000.\0001\0008\000.\0004\000.\0003\000\040\000\137\000n\000a\000m\000e}{subsection.5.18.4}% 166
\BOOKMARK [3][-]{subsubsection.5.18.4.4}{\376\377\0005\000.\0001\0008\000.\0004\000.\0004\000\040\000\137\000n\000u\000m\000\137\000s\000a\000m\000p\000l\000e\000s}{subsection.5.18.4}% 167
\BOOKMARK [3][-]{subsubsection.5.18.4.5}{\376\377\0005\000.\0001\0008\000.\0004\000.\0005\000\040\000\137\000p\000e\000a\000k\000\137\000p\000o\000w\000e\000r}{subsection.5.18.4}% 168
\BOOKMARK [3][-]{subsubsection.5.18.4.6}{\376\377\0005\000.\0001\0008\000.\0004\000.\0006\000\040\000\137\000p\000o\000w\000e\000r\000\137\000t\000r\000a\000c\000e}{subsection.5.18.4}% 169
\BOOKMARK [3][-]{subsubsection.5.18.4.7}{\376\377\0005\000.\0001\0008\000.\0004\000.\0007\000\040\000\137\000p\000o\000w\000e\000r\000\137\000u\000n\000i\000t\000s}{subsection.5.18.4}% 170
\BOOKMARK [3][-]{subsubsection.5.18.4.8}{\376\377\0005\000.\0001\0008\000.\0004\000.\0008\000\040\000\137\000s\000a\000m\000p\000l\000i\000n\000g\000\137\000p\000e\000r\000i\000o\000d}{subsection.5.18.4}% 171
\BOOKMARK [3][-]{subsubsection.5.18.4.9}{\376\377\0005\000.\0001\0008\000.\0004\000.\0009\000\040\000\137\000s\000t\000o\000p\000\137\000s\000i\000g\000n\000a\000l}{subsection.5.18.4}% 172
\BOOKMARK [1][-]{section.5.19}{\376\377\0005\000.\0001\0009\000\040\000x\000m\000e\000m\000:\000:\000c\000o\000n\000f\000i\000g\000:\000:\000t\000h\000i\000r\000d\000\137\000p\000a\000r\000t\000y\000:\000:\000P\000r\000i\000n\000t\000U\000s\000a\000g\000e\000I\000m\000p\000l\000e\000m\000e\000n\000t\000a\000t\000i\000o\000n\000\040\000S\000t\000r\000u\000c\000t\000\040\000R\000e\000f\000e\000r\000e\000n\000c\000e}{chapter.5}% 173
\BOOKMARK [2][-]{subsection.5.19.1}{\376\377\0005\000.\0001\0009\000.\0001\000\040\000M\000e\000m\000b\000e\000r\000\040\000F\000u\000n\000c\000t\000i\000o\000n\000\040\000D\000o\000c\000u\000m\000e\000n\000t\000a\000t\000i\000o\000n}{section.5.19}% 174
\BOOKMARK [3][-]{subsubsection.5.19.1.1}{\376\377\0005\000.\0001\0009\000.\0001\000.\0001\000\040\000i\000s\000W\000i\000d\000e\000C\000h\000a\000r}{subsection.5.19.1}% 175
\BOOKMARK [1][-]{section.5.20}{\376\377\0005\000.\0002\0000\000\040\000x\000m\000e\000m\000:\000:\000t\000h\000r\000e\000a\000d\000:\000:\000R\000u\000n\000n\000a\000b\000l\000e\000\040\000C\000l\000a\000s\000s\000\040\000R\000e\000f\000e\000r\000e\000n\000c\000e}{chapter.5}% 176
\BOOKMARK [2][-]{subsection.5.20.1}{\376\377\0005\000.\0002\0000\000.\0001\000\040\000D\000e\000t\000a\000i\000l\000e\000d\000\040\000D\000e\000s\000c\000r\000i\000p\000t\000i\000o\000n}{section.5.20}% 177
\BOOKMARK [2][-]{subsection.5.20.2}{\376\377\0005\000.\0002\0000\000.\0002\000\040\000M\000e\000m\000b\000e\000r\000\040\000F\000u\000n\000c\000t\000i\000o\000n\000\040\000D\000o\000c\000u\000m\000e\000n\000t\000a\000t\000i\000o\000n}{section.5.20}% 178
\BOOKMARK [3][-]{subsubsection.5.20.2.1}{\376\377\0005\000.\0002\0000\000.\0002\000.\0001\000\040\000\137\000a\000c\000q\000u\000i\000r\000e\000L\000o\000c\000k}{subsection.5.20.2}% 179
\BOOKMARK [3][-]{subsubsection.5.20.2.2}{\376\377\0005\000.\0002\0000\000.\0002\000.\0002\000\040\000\137\000r\000e\000l\000e\000a\000s\000e\000L\000o\000c\000k}{subsection.5.20.2}% 180
\BOOKMARK [1][-]{section.5.21}{\376\377\0005\000.\0002\0001\000\040\000x\000m\000e\000m\000:\000:\000c\000o\000n\000f\000i\000g\000:\000:\000t\000h\000i\000r\000d\000\137\000p\000a\000r\000t\000y\000:\000:\000S\000t\000a\000t\000s\000\040\000S\000t\000r\000u\000c\000t\000\040\000R\000e\000f\000e\000r\000e\000n\000c\000e}{chapter.5}% 181
\BOOKMARK [2][-]{subsection.5.21.1}{\376\377\0005\000.\0002\0001\000.\0001\000\040\000D\000e\000t\000a\000i\000l\000e\000d\000\040\000D\000e\000s\000c\000r\000i\000p\000t\000i\000o\000n}{section.5.21}% 182
\BOOKMARK [2][-]{subsection.5.21.2}{\376\377\0005\000.\0002\0001\000.\0002\000\040\000C\000o\000n\000s\000t\000r\000u\000c\000t\000o\000r\000\040\000\046\000\040\000D\000e\000s\000t\000r\000u\000c\000t\000o\000r\000\040\000D\000o\000c\000u\000m\000e\000n\000t\000a\000t\000i\000o\000n}{section.5.21}% 183
\BOOKMARK [3][-]{subsubsection.5.21.2.1}{\376\377\0005\000.\0002\0001\000.\0002\000.\0001\000\040\000S\000t\000a\000t\000s}{subsection.5.21.2}% 184
\BOOKMARK [2][-]{subsection.5.21.3}{\376\377\0005\000.\0002\0001\000.\0003\000\040\000M\000e\000m\000b\000e\000r\000\040\000F\000u\000n\000c\000t\000i\000o\000n\000\040\000D\000o\000c\000u\000m\000e\000n\000t\000a\000t\000i\000o\000n}{section.5.21}% 185
\BOOKMARK [3][-]{subsubsection.5.21.3.1}{\376\377\0005\000.\0002\0001\000.\0003\000.\0001\000\040\000a\000d\000d}{subsection.5.21.3}% 186
\BOOKMARK [2][-]{subsection.5.21.4}{\376\377\0005\000.\0002\0001\000.\0004\000\040\000M\000e\000m\000b\000e\000r\000\040\000D\000a\000t\000a\000\040\000D\000o\000c\000u\000m\000e\000n\000t\000a\000t\000i\000o\000n}{section.5.21}% 187
\BOOKMARK [3][-]{subsubsection.5.21.4.1}{\376\377\0005\000.\0002\0001\000.\0004\000.\0001\000\040\000b\000u\000f\000f\000e\000r\000\137\000m\000a\000x}{subsection.5.21.4}% 188
\BOOKMARK [3][-]{subsubsection.5.21.4.2}{\376\377\0005\000.\0002\0001\000.\0004\000.\0002\000\040\000o\000p\000t\000i\000o\000n\000s\000\137\000m\000a\000x}{subsection.5.21.4}% 189
\BOOKMARK [1][-]{section.5.22}{\376\377\0005\000.\0002\0002\000\040\000x\000m\000e\000m\000:\000:\000c\000o\000n\000f\000i\000g\000:\000:\000t\000h\000i\000r\000d\000\137\000p\000a\000r\000t\000y\000:\000:\000P\000a\000r\000s\000e\000r\000:\000:\000S\000t\000o\000r\000e\000O\000p\000t\000i\000o\000n\000A\000c\000t\000i\000o\000n\000\040\000C\000l\000a\000s\000s\000\040\000R\000e\000f\000e\000r\000e\000n\000c\000e}{chapter.5}% 190
\BOOKMARK [2][-]{subsection.5.22.1}{\376\377\0005\000.\0002\0002\000.\0001\000\040\000C\000o\000n\000s\000t\000r\000u\000c\000t\000o\000r\000\040\000\046\000\040\000D\000e\000s\000t\000r\000u\000c\000t\000o\000r\000\040\000D\000o\000c\000u\000m\000e\000n\000t\000a\000t\000i\000o\000n}{section.5.22}% 191
\BOOKMARK [3][-]{subsubsection.5.22.1.1}{\376\377\0005\000.\0002\0002\000.\0001\000.\0001\000\040\000S\000t\000o\000r\000e\000O\000p\000t\000i\000o\000n\000A\000c\000t\000i\000o\000n}{subsection.5.22.1}% 192
\BOOKMARK [2][-]{subsection.5.22.2}{\376\377\0005\000.\0002\0002\000.\0002\000\040\000M\000e\000m\000b\000e\000r\000\040\000F\000u\000n\000c\000t\000i\000o\000n\000\040\000D\000o\000c\000u\000m\000e\000n\000t\000a\000t\000i\000o\000n}{section.5.22}% 193
\BOOKMARK [3][-]{subsubsection.5.22.2.1}{\376\377\0005\000.\0002\0002\000.\0002\000.\0001\000\040\000f\000i\000n\000i\000s\000h\000e\000d}{subsection.5.22.2}% 194
\BOOKMARK [3][-]{subsubsection.5.22.2.2}{\376\377\0005\000.\0002\0002\000.\0002\000.\0002\000\040\000p\000e\000r\000f\000o\000r\000m}{subsection.5.22.2}% 195
\BOOKMARK [1][-]{section.5.23}{\376\377\0005\000.\0002\0003\000\040\000x\000m\000e\000m\000:\000:\000c\000o\000n\000f\000i\000g\000:\000:\000t\000h\000i\000r\000d\000\137\000p\000a\000r\000t\000y\000:\000:\000P\000r\000i\000n\000t\000U\000s\000a\000g\000e\000I\000m\000p\000l\000e\000m\000e\000n\000t\000a\000t\000i\000o\000n\000:\000:\000S\000t\000r\000e\000a\000m\000W\000r\000i\000t\000e\000r\000<\000\040\000F\000u\000n\000c\000t\000i\000o\000n\000,\000\040\000S\000t\000r\000e\000a\000m\000\040\000>\000\040\000S\000t\000r\000u\000c\000t\000\040\000T\000e\000m\000p\000l\000a\000t\000e\000\040\000R\000e\000f\000e\000r\000e\000n\000c\000e}{chapter.5}% 196
\BOOKMARK [1][-]{section.5.24}{\376\377\0005\000.\0002\0004\000\040\000x\000m\000e\000m\000:\000:\000c\000o\000n\000f\000i\000g\000:\000:\000t\000h\000i\000r\000d\000\137\000p\000a\000r\000t\000y\000:\000:\000P\000r\000i\000n\000t\000U\000s\000a\000g\000e\000I\000m\000p\000l\000e\000m\000e\000n\000t\000a\000t\000i\000o\000n\000:\000:\000S\000y\000s\000c\000a\000l\000l\000W\000r\000i\000t\000e\000r\000<\000\040\000S\000y\000s\000c\000a\000l\000l\000\040\000>\000\040\000S\000t\000r\000u\000c\000t\000\040\000T\000e\000m\000p\000l\000a\000t\000e\000\040\000R\000e\000f\000e\000r\000e\000n\000c\000e}{chapter.5}% 197
\BOOKMARK [1][-]{section.5.25}{\376\377\0005\000.\0002\0005\000\040\000x\000m\000e\000m\000:\000:\000c\000o\000n\000f\000i\000g\000:\000:\000t\000h\000i\000r\000d\000\137\000p\000a\000r\000t\000y\000:\000:\000P\000r\000i\000n\000t\000U\000s\000a\000g\000e\000I\000m\000p\000l\000e\000m\000e\000n\000t\000a\000t\000i\000o\000n\000:\000:\000T\000e\000m\000p\000o\000r\000a\000r\000y\000W\000r\000i\000t\000e\000r\000<\000\040\000T\000e\000m\000p\000o\000r\000a\000r\000y\000\040\000>\000\040\000S\000t\000r\000u\000c\000t\000\040\000T\000e\000m\000p\000l\000a\000t\000e\000\040\000R\000e\000f\000e\000r\000e\000n\000c\000e}{chapter.5}% 198
\BOOKMARK [1][-]{section.5.26}{\376\377\0005\000.\0002\0006\000\040\000x\000m\000e\000m\000:\000:\000t\000h\000r\000e\000a\000d\000:\000:\000T\000h\000r\000e\000a\000d\000\040\000C\000l\000a\000s\000s\000\040\000R\000e\000f\000e\000r\000e\000n\000c\000e}{chapter.5}% 199
\BOOKMARK [2][-]{subsection.5.26.1}{\376\377\0005\000.\0002\0006\000.\0001\000\040\000D\000e\000t\000a\000i\000l\000e\000d\000\040\000D\000e\000s\000c\000r\000i\000p\000t\000i\000o\000n}{section.5.26}% 200
\BOOKMARK [2][-]{subsection.5.26.2}{\376\377\0005\000.\0002\0006\000.\0002\000\040\000C\000o\000n\000s\000t\000r\000u\000c\000t\000o\000r\000\040\000\046\000\040\000D\000e\000s\000t\000r\000u\000c\000t\000o\000r\000\040\000D\000o\000c\000u\000m\000e\000n\000t\000a\000t\000i\000o\000n}{section.5.26}% 201
\BOOKMARK [3][-]{subsubsection.5.26.2.1}{\376\377\0005\000.\0002\0006\000.\0002\000.\0001\000\040\000T\000h\000r\000e\000a\000d}{subsection.5.26.2}% 202
\BOOKMARK [3][-]{subsubsection.5.26.2.2}{\376\377\0005\000.\0002\0006\000.\0002\000.\0002\000\040\000T\000h\000r\000e\000a\000d}{subsection.5.26.2}% 203
\BOOKMARK [2][-]{subsection.5.26.3}{\376\377\0005\000.\0002\0006\000.\0003\000\040\000M\000e\000m\000b\000e\000r\000\040\000F\000u\000n\000c\000t\000i\000o\000n\000\040\000D\000o\000c\000u\000m\000e\000n\000t\000a\000t\000i\000o\000n}{section.5.26}% 204
\BOOKMARK [3][-]{subsubsection.5.26.3.1}{\376\377\0005\000.\0002\0006\000.\0003\000.\0001\000\040\000c\000a\000n\000c\000e\000l}{subsection.5.26.3}% 205
\BOOKMARK [3][-]{subsubsection.5.26.3.2}{\376\377\0005\000.\0002\0006\000.\0003\000.\0002\000\040\000c\000o\000m\000p\000l\000e\000t\000e\000d}{subsection.5.26.3}% 206
\BOOKMARK [3][-]{subsubsection.5.26.3.3}{\376\377\0005\000.\0002\0006\000.\0003\000.\0003\000\040\000c\000r\000e\000a\000t\000e\000\137\000a\000n\000d\000\137\000s\000t\000a\000r\000t}{subsection.5.26.3}% 207
\BOOKMARK [3][-]{subsubsection.5.26.3.4}{\376\377\0005\000.\0002\0006\000.\0003\000.\0004\000\040\000c\000r\000e\000a\000t\000e\000d}{subsection.5.26.3}% 208
\BOOKMARK [3][-]{subsubsection.5.26.3.5}{\376\377\0005\000.\0002\0006\000.\0003\000.\0005\000\040\000g\000e\000t\000E\000x\000i\000t\000C\000o\000d\000e}{subsection.5.26.3}% 209
\BOOKMARK [3][-]{subsubsection.5.26.3.6}{\376\377\0005\000.\0002\0006\000.\0003\000.\0006\000\040\000g\000e\000t\000T\000a\000r\000g\000e\000t}{subsection.5.26.3}% 210
\BOOKMARK [3][-]{subsubsection.5.26.3.7}{\376\377\0005\000.\0002\0006\000.\0003\000.\0007\000\040\000i\000s\000T\000h\000r\000e\000a\000d\000R\000u\000n\000n\000i\000n\000g}{subsection.5.26.3}% 211
\BOOKMARK [3][-]{subsubsection.5.26.3.8}{\376\377\0005\000.\0002\0006\000.\0003\000.\0008\000\040\000i\000s\000T\000h\000r\000e\000a\000d\000S\000u\000s\000p\000e\000n\000d\000e\000d}{subsection.5.26.3}% 212
\BOOKMARK [3][-]{subsubsection.5.26.3.9}{\376\377\0005\000.\0002\0006\000.\0003\000.\0009\000\040\000j\000o\000i\000n}{subsection.5.26.3}% 213
\BOOKMARK [3][-]{subsubsection.5.26.3.10}{\376\377\0005\000.\0002\0006\000.\0003\000.\0001\0000\000\040\000s\000t\000a\000r\000t\000e\000d}{subsection.5.26.3}% 214
\BOOKMARK [3][-]{subsubsection.5.26.3.11}{\376\377\0005\000.\0002\0006\000.\0003\000.\0001\0001\000\040\000v\000a\000l\000i\000d\000T\000a\000r\000g\000e\000t}{subsection.5.26.3}% 215
\BOOKMARK [1][-]{section.5.27}{\376\377\0005\000.\0002\0007\000\040\000x\000m\000e\000m\000:\000:\000b\000e\000n\000c\000h\000m\000a\000r\000k\000:\000:\000T\000h\000r\000o\000u\000g\000h\000p\000u\000t\000B\000e\000n\000c\000h\000m\000a\000r\000k\000\040\000C\000l\000a\000s\000s\000\040\000R\000e\000f\000e\000r\000e\000n\000c\000e}{chapter.5}% 216
\BOOKMARK [2][-]{subsection.5.27.1}{\376\377\0005\000.\0002\0007\000.\0001\000\040\000D\000e\000t\000a\000i\000l\000e\000d\000\040\000D\000e\000s\000c\000r\000i\000p\000t\000i\000o\000n}{section.5.27}% 217
\BOOKMARK [2][-]{subsection.5.27.2}{\376\377\0005\000.\0002\0007\000.\0002\000\040\000C\000o\000n\000s\000t\000r\000u\000c\000t\000o\000r\000\040\000\046\000\040\000D\000e\000s\000t\000r\000u\000c\000t\000o\000r\000\040\000D\000o\000c\000u\000m\000e\000n\000t\000a\000t\000i\000o\000n}{section.5.27}% 218
\BOOKMARK [3][-]{subsubsection.5.27.2.1}{\376\377\0005\000.\0002\0007\000.\0002\000.\0001\000\040\000T\000h\000r\000o\000u\000g\000h\000p\000u\000t\000B\000e\000n\000c\000h\000m\000a\000r\000k}{subsection.5.27.2}% 219
\BOOKMARK [2][-]{subsection.5.27.3}{\376\377\0005\000.\0002\0007\000.\0003\000\040\000M\000e\000m\000b\000e\000r\000\040\000F\000u\000n\000c\000t\000i\000o\000n\000\040\000D\000o\000c\000u\000m\000e\000n\000t\000a\000t\000i\000o\000n}{section.5.27}% 220
\BOOKMARK [3][-]{subsubsection.5.27.3.1}{\376\377\0005\000.\0002\0007\000.\0003\000.\0001\000\040\000g\000e\000t\000P\000a\000t\000t\000e\000r\000n\000M\000o\000d\000e}{subsection.5.27.3}% 221
\BOOKMARK [3][-]{subsubsection.5.27.3.2}{\376\377\0005\000.\0002\0007\000.\0003\000.\0002\000\040\000g\000e\000t\000R\000W\000M\000o\000d\000e}{subsection.5.27.3}% 222
\BOOKMARK [3][-]{subsubsection.5.27.3.3}{\376\377\0005\000.\0002\0007\000.\0003\000.\0003\000\040\000g\000e\000t\000S\000t\000r\000i\000d\000e\000S\000i\000z\000e}{subsection.5.27.3}% 223
\BOOKMARK [3][-]{subsubsection.5.27.3.4}{\376\377\0005\000.\0002\0007\000.\0003\000.\0004\000\040\000r\000u\000n}{subsection.5.27.3}% 224
\BOOKMARK [1][-]{section.5.28}{\376\377\0005\000.\0002\0008\000\040\000x\000m\000e\000m\000:\000:\000b\000e\000n\000c\000h\000m\000a\000r\000k\000:\000:\000T\000h\000r\000o\000u\000g\000h\000p\000u\000t\000B\000e\000n\000c\000h\000m\000a\000r\000k\000W\000o\000r\000k\000e\000r\000\040\000C\000l\000a\000s\000s\000\040\000R\000e\000f\000e\000r\000e\000n\000c\000e}{chapter.5}% 225
\BOOKMARK [2][-]{subsection.5.28.1}{\376\377\0005\000.\0002\0008\000.\0001\000\040\000D\000e\000t\000a\000i\000l\000e\000d\000\040\000D\000e\000s\000c\000r\000i\000p\000t\000i\000o\000n}{section.5.28}% 226
\BOOKMARK [2][-]{subsection.5.28.2}{\376\377\0005\000.\0002\0008\000.\0002\000\040\000C\000o\000n\000s\000t\000r\000u\000c\000t\000o\000r\000\040\000\046\000\040\000D\000e\000s\000t\000r\000u\000c\000t\000o\000r\000\040\000D\000o\000c\000u\000m\000e\000n\000t\000a\000t\000i\000o\000n}{section.5.28}% 227
\BOOKMARK [3][-]{subsubsection.5.28.2.1}{\376\377\0005\000.\0002\0008\000.\0002\000.\0001\000\040\000T\000h\000r\000o\000u\000g\000h\000p\000u\000t\000B\000e\000n\000c\000h\000m\000a\000r\000k\000W\000o\000r\000k\000e\000r}{subsection.5.28.2}% 228
\BOOKMARK [2][-]{subsection.5.28.3}{\376\377\0005\000.\0002\0008\000.\0003\000\040\000M\000e\000m\000b\000e\000r\000\040\000F\000u\000n\000c\000t\000i\000o\000n\000\040\000D\000o\000c\000u\000m\000e\000n\000t\000a\000t\000i\000o\000n}{section.5.28}% 229
\BOOKMARK [3][-]{subsubsection.5.28.3.1}{\376\377\0005\000.\0002\0008\000.\0003\000.\0001\000\040\000g\000e\000t\000A\000d\000j\000u\000s\000t\000e\000d\000T\000i\000c\000k\000s}{subsection.5.28.3}% 230
\BOOKMARK [3][-]{subsubsection.5.28.3.2}{\376\377\0005\000.\0002\0008\000.\0003\000.\0002\000\040\000g\000e\000t\000B\000y\000t\000e\000s\000P\000e\000r\000P\000a\000s\000s}{subsection.5.28.3}% 231
\BOOKMARK [3][-]{subsubsection.5.28.3.3}{\376\377\0005\000.\0002\0008\000.\0003\000.\0003\000\040\000g\000e\000t\000E\000l\000a\000p\000s\000e\000d\000D\000u\000m\000m\000y\000T\000i\000c\000k\000s}{subsection.5.28.3}% 232
\BOOKMARK [3][-]{subsubsection.5.28.3.4}{\376\377\0005\000.\0002\0008\000.\0003\000.\0004\000\040\000g\000e\000t\000E\000l\000a\000p\000s\000e\000d\000T\000i\000c\000k\000s}{subsection.5.28.3}% 233
\BOOKMARK [3][-]{subsubsection.5.28.3.5}{\376\377\0005\000.\0002\0008\000.\0003\000.\0005\000\040\000g\000e\000t\000L\000e\000n}{subsection.5.28.3}% 234
\BOOKMARK [3][-]{subsubsection.5.28.3.6}{\376\377\0005\000.\0002\0008\000.\0003\000.\0006\000\040\000g\000e\000t\000P\000a\000s\000s\000e\000s}{subsection.5.28.3}% 235
\BOOKMARK [3][-]{subsubsection.5.28.3.7}{\376\377\0005\000.\0002\0008\000.\0003\000.\0007\000\040\000h\000a\000d\000W\000a\000r\000n\000i\000n\000g}{subsection.5.28.3}% 236
\BOOKMARK [1][-]{section.5.29}{\376\377\0005\000.\0002\0009\000\040\000x\000m\000e\000m\000:\000:\000t\000i\000m\000e\000r\000s\000:\000:\000T\000i\000m\000e\000r\000\040\000C\000l\000a\000s\000s\000\040\000R\000e\000f\000e\000r\000e\000n\000c\000e}{chapter.5}% 237
\BOOKMARK [2][-]{subsection.5.29.1}{\376\377\0005\000.\0002\0009\000.\0001\000\040\000D\000e\000t\000a\000i\000l\000e\000d\000\040\000D\000e\000s\000c\000r\000i\000p\000t\000i\000o\000n}{section.5.29}% 238
\BOOKMARK [2][-]{subsection.5.29.2}{\376\377\0005\000.\0002\0009\000.\0002\000\040\000M\000e\000m\000b\000e\000r\000\040\000F\000u\000n\000c\000t\000i\000o\000n\000\040\000D\000o\000c\000u\000m\000e\000n\000t\000a\000t\000i\000o\000n}{section.5.29}% 239
\BOOKMARK [3][-]{subsubsection.5.29.2.1}{\376\377\0005\000.\0002\0009\000.\0002\000.\0001\000\040\000g\000e\000t\000\137\000n\000s\000\137\000p\000e\000r\000\137\000t\000i\000c\000k}{subsection.5.29.2}% 240
\BOOKMARK [3][-]{subsubsection.5.29.2.2}{\376\377\0005\000.\0002\0009\000.\0002\000.\0002\000\040\000g\000e\000t\000\137\000t\000i\000c\000k\000s\000\137\000p\000e\000r\000\137\000s\000e\000c}{subsection.5.29.2}% 241
\BOOKMARK [3][-]{subsubsection.5.29.2.3}{\376\377\0005\000.\0002\0009\000.\0002\000.\0003\000\040\000s\000t\000o\000p}{subsection.5.29.2}% 242
\BOOKMARK [3][-]{subsubsection.5.29.2.4}{\376\377\0005\000.\0002\0009\000.\0002\000.\0004\000\040\000s\000t\000o\000p\000\137\000i\000n\000\137\000n\000s}{subsection.5.29.2}% 243
\BOOKMARK [2][-]{subsection.5.29.3}{\376\377\0005\000.\0002\0009\000.\0003\000\040\000M\000e\000m\000b\000e\000r\000\040\000D\000a\000t\000a\000\040\000D\000o\000c\000u\000m\000e\000n\000t\000a\000t\000i\000o\000n}{section.5.29}% 244
\BOOKMARK [3][-]{subsubsection.5.29.3.1}{\376\377\0005\000.\0002\0009\000.\0003\000.\0001\000\040\000\137\000n\000s\000\137\000p\000e\000r\000\137\000t\000i\000c\000k}{subsection.5.29.3}% 245
\BOOKMARK [3][-]{subsubsection.5.29.3.2}{\376\377\0005\000.\0002\0009\000.\0003\000.\0002\000\040\000\137\000t\000i\000c\000k\000s\000\137\000p\000e\000r\000\137\000s\000e\000c}{subsection.5.29.3}% 246
\BOOKMARK [0][-]{chapter.6}{\376\377\0006\000\040\000F\000i\000l\000e\000\040\000D\000o\000c\000u\000m\000e\000n\000t\000a\000t\000i\000o\000n}{}% 247
\BOOKMARK [1][-]{section.6.1}{\376\377\0006\000.\0001\000\040\000s\000r\000c\000/\000B\000e\000n\000c\000h\000m\000a\000r\000k\000.\000c\000p\000p\000\040\000F\000i\000l\000e\000\040\000R\000e\000f\000e\000r\000e\000n\000c\000e}{chapter.6}% 248
\BOOKMARK [2][-]{subsection.6.1.1}{\376\377\0006\000.\0001\000.\0001\000\040\000D\000e\000t\000a\000i\000l\000e\000d\000\040\000D\000e\000s\000c\000r\000i\000p\000t\000i\000o\000n}{section.6.1}% 249
\BOOKMARK [1][-]{section.6.2}{\376\377\0006\000.\0002\000\040\000s\000r\000c\000/\000b\000e\000n\000c\000h\000m\000a\000r\000k\000\137\000k\000e\000r\000n\000e\000l\000s\000.\000c\000p\000p\000\040\000F\000i\000l\000e\000\040\000R\000e\000f\000e\000r\000e\000n\000c\000e}{chapter.6}% 250
\BOOKMARK [2][-]{subsection.6.2.1}{\376\377\0006\000.\0002\000.\0001\000\040\000D\000e\000t\000a\000i\000l\000e\000d\000\040\000D\000e\000s\000c\000r\000i\000p\000t\000i\000o\000n}{section.6.2}% 251
\BOOKMARK [1][-]{section.6.3}{\376\377\0006\000.\0003\000\040\000s\000r\000c\000/\000B\000e\000n\000c\000h\000m\000a\000r\000k\000M\000a\000n\000a\000g\000e\000r\000.\000c\000p\000p\000\040\000F\000i\000l\000e\000\040\000R\000e\000f\000e\000r\000e\000n\000c\000e}{chapter.6}% 252
\BOOKMARK [2][-]{subsection.6.3.1}{\376\377\0006\000.\0003\000.\0001\000\040\000D\000e\000t\000a\000i\000l\000e\000d\000\040\000D\000e\000s\000c\000r\000i\000p\000t\000i\000o\000n}{section.6.3}% 253
\BOOKMARK [1][-]{section.6.4}{\376\377\0006\000.\0004\000\040\000s\000r\000c\000/\000c\000o\000m\000m\000o\000n\000.\000c\000p\000p\000\040\000F\000i\000l\000e\000\040\000R\000e\000f\000e\000r\000e\000n\000c\000e}{chapter.6}% 254
\BOOKMARK [2][-]{subsection.6.4.1}{\376\377\0006\000.\0004\000.\0001\000\040\000D\000e\000t\000a\000i\000l\000e\000d\000\040\000D\000e\000s\000c\000r\000i\000p\000t\000i\000o\000n}{section.6.4}% 255
\BOOKMARK [1][-]{section.6.5}{\376\377\0006\000.\0005\000\040\000s\000r\000c\000/\000C\000o\000n\000f\000i\000g\000u\000r\000a\000t\000o\000r\000.\000c\000p\000p\000\040\000F\000i\000l\000e\000\040\000R\000e\000f\000e\000r\000e\000n\000c\000e}{chapter.6}% 256
\BOOKMARK [2][-]{subsection.6.5.1}{\376\377\0006\000.\0005\000.\0001\000\040\000D\000e\000t\000a\000i\000l\000e\000d\000\040\000D\000e\000s\000c\000r\000i\000p\000t\000i\000o\000n}{section.6.5}% 257
\BOOKMARK [1][-]{section.6.6}{\376\377\0006\000.\0006\000\040\000s\000r\000c\000/\000i\000n\000c\000l\000u\000d\000e\000/\000B\000e\000n\000c\000h\000m\000a\000r\000k\000.\000h\000\040\000F\000i\000l\000e\000\040\000R\000e\000f\000e\000r\000e\000n\000c\000e}{chapter.6}% 258
\BOOKMARK [2][-]{subsection.6.6.1}{\376\377\0006\000.\0006\000.\0001\000\040\000D\000e\000t\000a\000i\000l\000e\000d\000\040\000D\000e\000s\000c\000r\000i\000p\000t\000i\000o\000n}{section.6.6}% 259
\BOOKMARK [1][-]{section.6.7}{\376\377\0006\000.\0007\000\040\000s\000r\000c\000/\000i\000n\000c\000l\000u\000d\000e\000/\000b\000e\000n\000c\000h\000m\000a\000r\000k\000\137\000k\000e\000r\000n\000e\000l\000s\000.\000h\000\040\000F\000i\000l\000e\000\040\000R\000e\000f\000e\000r\000e\000n\000c\000e}{chapter.6}% 260
\BOOKMARK [2][-]{subsection.6.7.1}{\376\377\0006\000.\0007\000.\0001\000\040\000D\000e\000t\000a\000i\000l\000e\000d\000\040\000D\000e\000s\000c\000r\000i\000p\000t\000i\000o\000n}{section.6.7}% 261
\BOOKMARK [1][-]{section.6.8}{\376\377\0006\000.\0008\000\040\000s\000r\000c\000/\000i\000n\000c\000l\000u\000d\000e\000/\000B\000e\000n\000c\000h\000m\000a\000r\000k\000M\000a\000n\000a\000g\000e\000r\000.\000h\000\040\000F\000i\000l\000e\000\040\000R\000e\000f\000e\000r\000e\000n\000c\000e}{chapter.6}% 262
\BOOKMARK [2][-]{subsection.6.8.1}{\376\377\0006\000.\0008\000.\0001\000\040\000D\000e\000t\000a\000i\000l\000e\000d\000\040\000D\000e\000s\000c\000r\000i\000p\000t\000i\000o\000n}{section.6.8}% 263
\BOOKMARK [1][-]{section.6.9}{\376\377\0006\000.\0009\000\040\000s\000r\000c\000/\000i\000n\000c\000l\000u\000d\000e\000/\000c\000o\000m\000m\000o\000n\000.\000h\000\040\000F\000i\000l\000e\000\040\000R\000e\000f\000e\000r\000e\000n\000c\000e}{chapter.6}% 264
\BOOKMARK [2][-]{subsection.6.9.1}{\376\377\0006\000.\0009\000.\0001\000\040\000D\000e\000t\000a\000i\000l\000e\000d\000\040\000D\000e\000s\000c\000r\000i\000p\000t\000i\000o\000n}{section.6.9}% 265
\BOOKMARK [2][-]{subsection.6.9.2}{\376\377\0006\000.\0009\000.\0002\000\040\000M\000a\000c\000r\000o\000\040\000D\000e\000f\000i\000n\000i\000t\000i\000o\000n\000\040\000D\000o\000c\000u\000m\000e\000n\000t\000a\000t\000i\000o\000n}{section.6.9}% 266
\BOOKMARK [3][-]{subsubsection.6.9.2.1}{\376\377\0006\000.\0009\000.\0002\000.\0001\000\040\000B\000E\000N\000C\000H\000M\000A\000R\000K\000\137\000D\000U\000R\000A\000T\000I\000O\000N\000\137\000S\000E\000C}{subsection.6.9.2}% 267
\BOOKMARK [3][-]{subsubsection.6.9.2.2}{\376\377\0006\000.\0009\000.\0002\000.\0002\000\040\000D\000E\000F\000A\000U\000L\000T\000\137\000N\000U\000M\000\137\000C\000P\000U\000S}{subsection.6.9.2}% 268
\BOOKMARK [3][-]{subsubsection.6.9.2.3}{\376\377\0006\000.\0009\000.\0002\000.\0003\000\040\000D\000E\000F\000A\000U\000L\000T\000\137\000N\000U\000M\000\137\000N\000O\000D\000E\000S}{subsection.6.9.2}% 269
\BOOKMARK [3][-]{subsubsection.6.9.2.4}{\376\377\0006\000.\0009\000.\0002\000.\0004\000\040\000D\000E\000F\000A\000U\000L\000T\000\137\000P\000A\000G\000E\000\137\000S\000I\000Z\000E}{subsection.6.9.2}% 270
\BOOKMARK [3][-]{subsubsection.6.9.2.5}{\376\377\0006\000.\0009\000.\0002\000.\0005\000\040\000D\000E\000F\000A\000U\000L\000T\000\137\000T\000H\000R\000E\000A\000D\000\137\000J\000O\000I\000N\000\137\000T\000I\000M\000E\000O\000U\000T}{subsection.6.9.2}% 271
\BOOKMARK [3][-]{subsubsection.6.9.2.6}{\376\377\0006\000.\0009\000.\0002\000.\0006\000\040\000D\000E\000F\000A\000U\000L\000T\000\137\000W\000O\000R\000K\000I\000N\000G\000\137\000S\000E\000T\000\137\000S\000I\000Z\000E}{subsection.6.9.2}% 272
\BOOKMARK [3][-]{subsubsection.6.9.2.7}{\376\377\0006\000.\0009\000.\0002\000.\0007\000\040\000L\000A\000T\000E\000N\000C\000Y\000\137\000B\000E\000N\000C\000H\000M\000A\000R\000K\000\137\000U\000N\000R\000O\000L\000L\000\137\000L\000E\000N\000G\000T\000H}{subsection.6.9.2}% 273
\BOOKMARK [3][-]{subsubsection.6.9.2.8}{\376\377\0006\000.\0009\000.\0002\000.\0008\000\040\000M\000I\000N\000\137\000E\000L\000A\000P\000S\000E\000D\000\137\000T\000I\000C\000K\000S}{subsection.6.9.2}% 274
\BOOKMARK [3][-]{subsubsection.6.9.2.9}{\376\377\0006\000.\0009\000.\0002\000.\0009\000\040\000M\000U\000L\000T\000I\000T\000H\000R\000E\000A\000D\000I\000N\000G\000\137\000E\000N\000A\000B\000L\000E}{subsection.6.9.2}% 275
\BOOKMARK [3][-]{subsubsection.6.9.2.10}{\376\377\0006\000.\0009\000.\0002\000.\0001\0000\000\040\000P\000O\000W\000E\000R\000\137\000S\000A\000M\000P\000L\000I\000N\000G\000\137\000P\000E\000R\000I\000O\000D\000\137\000S\000E\000C}{subsection.6.9.2}% 276
\BOOKMARK [3][-]{subsubsection.6.9.2.11}{\376\377\0006\000.\0009\000.\0002\000.\0001\0001\000\040\000T\000H\000R\000O\000U\000G\000H\000P\000U\000T\000\137\000B\000E\000N\000C\000H\000M\000A\000R\000K\000\137\000B\000Y\000T\000E\000S\000\137\000P\000E\000R\000\137\000P\000A\000S\000S}{subsection.6.9.2}% 277
\BOOKMARK [3][-]{subsubsection.6.9.2.12}{\376\377\0006\000.\0009\000.\0002\000.\0001\0002\000\040\000U\000S\000E\000\137\000A\000L\000L\000\137\000N\000U\000M\000A\000\137\000N\000O\000D\000E\000S}{subsection.6.9.2}% 278
\BOOKMARK [3][-]{subsubsection.6.9.2.13}{\376\377\0006\000.\0009\000.\0002\000.\0001\0003\000\040\000U\000S\000E\000\137\000L\000A\000T\000E\000N\000C\000Y\000\137\000B\000E\000N\000C\000H\000M\000A\000R\000K\000\137\000R\000A\000N\000D\000O\000M\000\137\000S\000H\000U\000F\000F\000L\000E\000\137\000P\000A\000T\000T\000E\000R\000N}{subsection.6.9.2}% 279
\BOOKMARK [3][-]{subsubsection.6.9.2.14}{\376\377\0006\000.\0009\000.\0002\000.\0001\0004\000\040\000U\000S\000E\000\137\000T\000H\000R\000O\000U\000G\000H\000P\000U\000T\000\137\000F\000O\000R\000W\000\137\000S\000T\000R\000I\000D\000E\000\137\0001}{subsection.6.9.2}% 280
\BOOKMARK [3][-]{subsubsection.6.9.2.15}{\376\377\0006\000.\0009\000.\0002\000.\0001\0005\000\040\000U\000S\000E\000\137\000T\000H\000R\000O\000U\000G\000H\000P\000U\000T\000\137\000R\000E\000A\000D\000S}{subsection.6.9.2}% 281
\BOOKMARK [3][-]{subsubsection.6.9.2.16}{\376\377\0006\000.\0009\000.\0002\000.\0001\0006\000\040\000U\000S\000E\000\137\000T\000H\000R\000O\000U\000G\000H\000P\000U\000T\000\137\000S\000E\000Q\000U\000E\000N\000T\000I\000A\000L\000\137\000P\000A\000T\000T\000E\000R\000N}{subsection.6.9.2}% 282
\BOOKMARK [3][-]{subsubsection.6.9.2.17}{\376\377\0006\000.\0009\000.\0002\000.\0001\0007\000\040\000U\000S\000E\000\137\000T\000H\000R\000O\000U\000G\000H\000P\000U\000T\000\137\000W\000R\000I\000T\000E\000S}{subsection.6.9.2}% 283
\BOOKMARK [3][-]{subsubsection.6.9.2.18}{\376\377\0006\000.\0009\000.\0002\000.\0001\0008\000\040\000U\000S\000E\000\137\000T\000I\000M\000E\000\137\000B\000A\000S\000E\000D\000\137\000B\000E\000N\000C\000H\000M\000A\000R\000K\000S}{subsection.6.9.2}% 284
\BOOKMARK [3][-]{subsubsection.6.9.2.19}{\376\377\0006\000.\0009\000.\0002\000.\0001\0009\000\040\000U\000S\000E\000\137\000T\000S\000C\000\137\000T\000I\000M\000E\000R}{subsection.6.9.2}% 285
\BOOKMARK [3][-]{subsubsection.6.9.2.20}{\376\377\0006\000.\0009\000.\0002\000.\0002\0000\000\040\000V\000E\000R\000B\000O\000S\000E}{subsection.6.9.2}% 286
\BOOKMARK [1][-]{section.6.10}{\376\377\0006\000.\0001\0000\000\040\000s\000r\000c\000/\000i\000n\000c\000l\000u\000d\000e\000/\000C\000o\000n\000f\000i\000g\000u\000r\000a\000t\000o\000r\000.\000h\000\040\000F\000i\000l\000e\000\040\000R\000e\000f\000e\000r\000e\000n\000c\000e}{chapter.6}% 287
\BOOKMARK [2][-]{subsection.6.10.1}{\376\377\0006\000.\0001\0000\000.\0001\000\040\000D\000e\000t\000a\000i\000l\000e\000d\000\040\000D\000e\000s\000c\000r\000i\000p\000t\000i\000o\000n}{section.6.10}% 288
\BOOKMARK [1][-]{section.6.11}{\376\377\0006\000.\0001\0001\000\040\000s\000r\000c\000/\000i\000n\000c\000l\000u\000d\000e\000/\000E\000x\000a\000m\000p\000l\000e\000A\000r\000g\000.\000h\000\040\000F\000i\000l\000e\000\040\000R\000e\000f\000e\000r\000e\000n\000c\000e}{chapter.6}% 289
\BOOKMARK [2][-]{subsection.6.11.1}{\376\377\0006\000.\0001\0001\000.\0001\000\040\000D\000e\000t\000a\000i\000l\000e\000d\000\040\000D\000e\000s\000c\000r\000i\000p\000t\000i\000o\000n}{section.6.11}% 290
\BOOKMARK [1][-]{section.6.12}{\376\377\0006\000.\0001\0002\000\040\000s\000r\000c\000/\000i\000n\000c\000l\000u\000d\000e\000/\000L\000a\000t\000e\000n\000c\000y\000B\000e\000n\000c\000h\000m\000a\000r\000k\000.\000h\000\040\000F\000i\000l\000e\000\040\000R\000e\000f\000e\000r\000e\000n\000c\000e}{chapter.6}% 291
\BOOKMARK [2][-]{subsection.6.12.1}{\376\377\0006\000.\0001\0002\000.\0001\000\040\000D\000e\000t\000a\000i\000l\000e\000d\000\040\000D\000e\000s\000c\000r\000i\000p\000t\000i\000o\000n}{section.6.12}% 292
\BOOKMARK [1][-]{section.6.13}{\376\377\0006\000.\0001\0003\000\040\000s\000r\000c\000/\000i\000n\000c\000l\000u\000d\000e\000/\000M\000y\000A\000r\000g\000.\000h\000\040\000F\000i\000l\000e\000\040\000R\000e\000f\000e\000r\000e\000n\000c\000e}{chapter.6}% 293
\BOOKMARK [2][-]{subsection.6.13.1}{\376\377\0006\000.\0001\0003\000.\0001\000\040\000D\000e\000t\000a\000i\000l\000e\000d\000\040\000D\000e\000s\000c\000r\000i\000p\000t\000i\000o\000n}{section.6.13}% 294
\BOOKMARK [1][-]{section.6.14}{\376\377\0006\000.\0001\0004\000\040\000s\000r\000c\000/\000i\000n\000c\000l\000u\000d\000e\000/\000o\000p\000t\000i\000o\000n\000p\000a\000r\000s\000e\000r\000.\000h\000\040\000F\000i\000l\000e\000\040\000R\000e\000f\000e\000r\000e\000n\000c\000e}{chapter.6}% 295
\BOOKMARK [2][-]{subsection.6.14.1}{\376\377\0006\000.\0001\0004\000.\0001\000\040\000D\000e\000t\000a\000i\000l\000e\000d\000\040\000D\000e\000s\000c\000r\000i\000p\000t\000i\000o\000n}{section.6.14}% 296
\BOOKMARK [1][-]{section.6.15}{\376\377\0006\000.\0001\0005\000\040\000s\000r\000c\000/\000i\000n\000c\000l\000u\000d\000e\000/\000P\000o\000w\000e\000r\000R\000e\000a\000d\000e\000r\000.\000h\000\040\000F\000i\000l\000e\000\040\000R\000e\000f\000e\000r\000e\000n\000c\000e}{chapter.6}% 297
\BOOKMARK [2][-]{subsection.6.15.1}{\376\377\0006\000.\0001\0005\000.\0001\000\040\000D\000e\000t\000a\000i\000l\000e\000d\000\040\000D\000e\000s\000c\000r\000i\000p\000t\000i\000o\000n}{section.6.15}% 298
\BOOKMARK [1][-]{section.6.16}{\376\377\0006\000.\0001\0006\000\040\000s\000r\000c\000/\000i\000n\000c\000l\000u\000d\000e\000/\000R\000u\000n\000n\000a\000b\000l\000e\000.\000h\000\040\000F\000i\000l\000e\000\040\000R\000e\000f\000e\000r\000e\000n\000c\000e}{chapter.6}% 299
\BOOKMARK [2][-]{subsection.6.16.1}{\376\377\0006\000.\0001\0006\000.\0001\000\040\000D\000e\000t\000a\000i\000l\000e\000d\000\040\000D\000e\000s\000c\000r\000i\000p\000t\000i\000o\000n}{section.6.16}% 300
\BOOKMARK [1][-]{section.6.17}{\376\377\0006\000.\0001\0007\000\040\000s\000r\000c\000/\000i\000n\000c\000l\000u\000d\000e\000/\000T\000h\000r\000e\000a\000d\000.\000h\000\040\000F\000i\000l\000e\000\040\000R\000e\000f\000e\000r\000e\000n\000c\000e}{chapter.6}% 301
\BOOKMARK [2][-]{subsection.6.17.1}{\376\377\0006\000.\0001\0007\000.\0001\000\040\000D\000e\000t\000a\000i\000l\000e\000d\000\040\000D\000e\000s\000c\000r\000i\000p\000t\000i\000o\000n}{section.6.17}% 302
\BOOKMARK [1][-]{section.6.18}{\376\377\0006\000.\0001\0008\000\040\000s\000r\000c\000/\000i\000n\000c\000l\000u\000d\000e\000/\000T\000h\000r\000o\000u\000g\000h\000p\000u\000t\000B\000e\000n\000c\000h\000m\000a\000r\000k\000.\000h\000\040\000F\000i\000l\000e\000\040\000R\000e\000f\000e\000r\000e\000n\000c\000e}{chapter.6}% 303
\BOOKMARK [2][-]{subsection.6.18.1}{\376\377\0006\000.\0001\0008\000.\0001\000\040\000D\000e\000t\000a\000i\000l\000e\000d\000\040\000D\000e\000s\000c\000r\000i\000p\000t\000i\000o\000n}{section.6.18}% 304
\BOOKMARK [1][-]{section.6.19}{\376\377\0006\000.\0001\0009\000\040\000s\000r\000c\000/\000i\000n\000c\000l\000u\000d\000e\000/\000T\000h\000r\000o\000u\000g\000h\000p\000u\000t\000B\000e\000n\000c\000h\000m\000a\000r\000k\000W\000o\000r\000k\000e\000r\000.\000h\000\040\000F\000i\000l\000e\000\040\000R\000e\000f\000e\000r\000e\000n\000c\000e}{chapter.6}% 305
\BOOKMARK [2][-]{subsection.6.19.1}{\376\377\0006\000.\0001\0009\000.\0001\000\040\000D\000e\000t\000a\000i\000l\000e\000d\000\040\000D\000e\000s\000c\000r\000i\000p\000t\000i\000o\000n}{section.6.19}% 306
\BOOKMARK [1][-]{section.6.20}{\376\377\0006\000.\0002\0000\000\040\000s\000r\000c\000/\000i\000n\000c\000l\000u\000d\000e\000/\000T\000i\000m\000e\000r\000.\000h\000\040\000F\000i\000l\000e\000\040\000R\000e\000f\000e\000r\000e\000n\000c\000e}{chapter.6}% 307
\BOOKMARK [2][-]{subsection.6.20.1}{\376\377\0006\000.\0002\0000\000.\0001\000\040\000D\000e\000t\000a\000i\000l\000e\000d\000\040\000D\000e\000s\000c\000r\000i\000p\000t\000i\000o\000n}{section.6.20}% 308
\BOOKMARK [1][-]{section.6.21}{\376\377\0006\000.\0002\0001\000\040\000s\000r\000c\000/\000i\000n\000c\000l\000u\000d\000e\000/\000w\000i\000n\000/\000Q\000P\000C\000T\000i\000m\000e\000r\000.\000h\000\040\000F\000i\000l\000e\000\040\000R\000e\000f\000e\000r\000e\000n\000c\000e}{chapter.6}% 309
\BOOKMARK [2][-]{subsection.6.21.1}{\376\377\0006\000.\0002\0001\000.\0001\000\040\000D\000e\000t\000a\000i\000l\000e\000d\000\040\000D\000e\000s\000c\000r\000i\000p\000t\000i\000o\000n}{section.6.21}% 310
\BOOKMARK [1][-]{section.6.22}{\376\377\0006\000.\0002\0002\000\040\000s\000r\000c\000/\000i\000n\000c\000l\000u\000d\000e\000/\000w\000i\000n\000/\000w\000i\000n\000\137\000c\000o\000m\000m\000o\000n\000.\000h\000\040\000F\000i\000l\000e\000\040\000R\000e\000f\000e\000r\000e\000n\000c\000e}{chapter.6}% 311
\BOOKMARK [2][-]{subsection.6.22.1}{\376\377\0006\000.\0002\0002\000.\0001\000\040\000D\000e\000t\000a\000i\000l\000e\000d\000\040\000D\000e\000s\000c\000r\000i\000p\000t\000i\000o\000n}{section.6.22}% 312
\BOOKMARK [1][-]{section.6.23}{\376\377\0006\000.\0002\0003\000\040\000s\000r\000c\000/\000i\000n\000c\000l\000u\000d\000e\000/\000w\000i\000n\000/\000w\000i\000n\000\137\000c\000o\000m\000m\000o\000n\000\137\000t\000h\000i\000r\000d\000\137\000p\000a\000r\000t\000y\000.\000h\000\040\000F\000i\000l\000e\000\040\000R\000e\000f\000e\000r\000e\000n\000c\000e}{chapter.6}% 313
\BOOKMARK [2][-]{subsection.6.23.1}{\376\377\0006\000.\0002\0003\000.\0001\000\040\000D\000e\000t\000a\000i\000l\000e\000d\000\040\000D\000e\000s\000c\000r\000i\000p\000t\000i\000o\000n}{section.6.23}% 314
\BOOKMARK [1][-]{section.6.24}{\376\377\0006\000.\0002\0004\000\040\000s\000r\000c\000/\000i\000n\000c\000l\000u\000d\000e\000/\000w\000i\000n\000/\000w\000i\000n\000\137\000C\000P\000d\000h\000Q\000u\000e\000r\000y\000.\000h\000\040\000F\000i\000l\000e\000\040\000R\000e\000f\000e\000r\000e\000n\000c\000e}{chapter.6}% 315
\BOOKMARK [2][-]{subsection.6.24.1}{\376\377\0006\000.\0002\0004\000.\0001\000\040\000D\000e\000t\000a\000i\000l\000e\000d\000\040\000D\000e\000s\000c\000r\000i\000p\000t\000i\000o\000n}{section.6.24}% 316
\BOOKMARK [1][-]{section.6.25}{\376\377\0006\000.\0002\0005\000\040\000s\000r\000c\000/\000i\000n\000c\000l\000u\000d\000e\000/\000w\000i\000n\000/\000W\000i\000n\000d\000o\000w\000s\000D\000R\000A\000M\000P\000o\000w\000e\000r\000R\000e\000a\000d\000e\000r\000.\000h\000\040\000F\000i\000l\000e\000\040\000R\000e\000f\000e\000r\000e\000n\000c\000e}{chapter.6}% 317
\BOOKMARK [2][-]{subsection.6.25.1}{\376\377\0006\000.\0002\0005\000.\0001\000\040\000D\000e\000t\000a\000i\000l\000e\000d\000\040\000D\000e\000s\000c\000r\000i\000p\000t\000i\000o\000n}{section.6.25}% 318
\BOOKMARK [1][-]{section.6.26}{\376\377\0006\000.\0002\0006\000\040\000s\000r\000c\000/\000i\000n\000c\000l\000u\000d\000e\000/\000x\0008\0006\000\137\0006\0004\000/\000T\000S\000C\000T\000i\000m\000e\000r\000.\000h\000\040\000F\000i\000l\000e\000\040\000R\000e\000f\000e\000r\000e\000n\000c\000e}{chapter.6}% 319
\BOOKMARK [2][-]{subsection.6.26.1}{\376\377\0006\000.\0002\0006\000.\0001\000\040\000D\000e\000t\000a\000i\000l\000e\000d\000\040\000D\000e\000s\000c\000r\000i\000p\000t\000i\000o\000n}{section.6.26}% 320
\BOOKMARK [1][-]{section.6.27}{\376\377\0006\000.\0002\0007\000\040\000s\000r\000c\000/\000L\000a\000t\000e\000n\000c\000y\000B\000e\000n\000c\000h\000m\000a\000r\000k\000.\000c\000p\000p\000\040\000F\000i\000l\000e\000\040\000R\000e\000f\000e\000r\000e\000n\000c\000e}{chapter.6}% 321
\BOOKMARK [2][-]{subsection.6.27.1}{\376\377\0006\000.\0002\0007\000.\0001\000\040\000D\000e\000t\000a\000i\000l\000e\000d\000\040\000D\000e\000s\000c\000r\000i\000p\000t\000i\000o\000n}{section.6.27}% 322
\BOOKMARK [1][-]{section.6.28}{\376\377\0006\000.\0002\0008\000\040\000s\000r\000c\000/\000m\000a\000i\000n\000.\000c\000p\000p\000\040\000F\000i\000l\000e\000\040\000R\000e\000f\000e\000r\000e\000n\000c\000e}{chapter.6}% 323
\BOOKMARK [2][-]{subsection.6.28.1}{\376\377\0006\000.\0002\0008\000.\0001\000\040\000D\000e\000t\000a\000i\000l\000e\000d\000\040\000D\000e\000s\000c\000r\000i\000p\000t\000i\000o\000n}{section.6.28}% 324
\BOOKMARK [1][-]{section.6.29}{\376\377\0006\000.\0002\0009\000\040\000s\000r\000c\000/\000P\000o\000w\000e\000r\000R\000e\000a\000d\000e\000r\000.\000c\000p\000p\000\040\000F\000i\000l\000e\000\040\000R\000e\000f\000e\000r\000e\000n\000c\000e}{chapter.6}% 325
\BOOKMARK [2][-]{subsection.6.29.1}{\376\377\0006\000.\0002\0009\000.\0001\000\040\000D\000e\000t\000a\000i\000l\000e\000d\000\040\000D\000e\000s\000c\000r\000i\000p\000t\000i\000o\000n}{section.6.29}% 326
\BOOKMARK [1][-]{section.6.30}{\376\377\0006\000.\0003\0000\000\040\000s\000r\000c\000/\000R\000u\000n\000n\000a\000b\000l\000e\000.\000c\000p\000p\000\040\000F\000i\000l\000e\000\040\000R\000e\000f\000e\000r\000e\000n\000c\000e}{chapter.6}% 327
\BOOKMARK [2][-]{subsection.6.30.1}{\376\377\0006\000.\0003\0000\000.\0001\000\040\000D\000e\000t\000a\000i\000l\000e\000d\000\040\000D\000e\000s\000c\000r\000i\000p\000t\000i\000o\000n}{section.6.30}% 328
\BOOKMARK [1][-]{section.6.31}{\376\377\0006\000.\0003\0001\000\040\000s\000r\000c\000/\000T\000h\000r\000e\000a\000d\000.\000c\000p\000p\000\040\000F\000i\000l\000e\000\040\000R\000e\000f\000e\000r\000e\000n\000c\000e}{chapter.6}% 329
\BOOKMARK [2][-]{subsection.6.31.1}{\376\377\0006\000.\0003\0001\000.\0001\000\040\000D\000e\000t\000a\000i\000l\000e\000d\000\040\000D\000e\000s\000c\000r\000i\000p\000t\000i\000o\000n}{section.6.31}% 330
\BOOKMARK [1][-]{section.6.32}{\376\377\0006\000.\0003\0002\000\040\000s\000r\000c\000/\000T\000h\000r\000o\000u\000g\000h\000p\000u\000t\000B\000e\000n\000c\000h\000m\000a\000r\000k\000.\000c\000p\000p\000\040\000F\000i\000l\000e\000\040\000R\000e\000f\000e\000r\000e\000n\000c\000e}{chapter.6}% 331
\BOOKMARK [2][-]{subsection.6.32.1}{\376\377\0006\000.\0003\0002\000.\0001\000\040\000D\000e\000t\000a\000i\000l\000e\000d\000\040\000D\000e\000s\000c\000r\000i\000p\000t\000i\000o\000n}{section.6.32}% 332
\BOOKMARK [1][-]{section.6.33}{\376\377\0006\000.\0003\0003\000\040\000s\000r\000c\000/\000T\000h\000r\000o\000u\000g\000h\000p\000u\000t\000B\000e\000n\000c\000h\000m\000a\000r\000k\000W\000o\000r\000k\000e\000r\000.\000c\000p\000p\000\040\000F\000i\000l\000e\000\040\000R\000e\000f\000e\000r\000e\000n\000c\000e}{chapter.6}% 333
\BOOKMARK [2][-]{subsection.6.33.1}{\376\377\0006\000.\0003\0003\000.\0001\000\040\000D\000e\000t\000a\000i\000l\000e\000d\000\040\000D\000e\000s\000c\000r\000i\000p\000t\000i\000o\000n}{section.6.33}% 334
\BOOKMARK [1][-]{section.6.34}{\376\377\0006\000.\0003\0004\000\040\000s\000r\000c\000/\000T\000i\000m\000e\000r\000.\000c\000p\000p\000\040\000F\000i\000l\000e\000\040\000R\000e\000f\000e\000r\000e\000n\000c\000e}{chapter.6}% 335
\BOOKMARK [2][-]{subsection.6.34.1}{\376\377\0006\000.\0003\0004\000.\0001\000\040\000D\000e\000t\000a\000i\000l\000e\000d\000\040\000D\000e\000s\000c\000r\000i\000p\000t\000i\000o\000n}{section.6.34}% 336
\BOOKMARK [1][-]{section.6.35}{\376\377\0006\000.\0003\0005\000\040\000s\000r\000c\000/\000w\000i\000n\000/\000Q\000P\000C\000T\000i\000m\000e\000r\000.\000c\000p\000p\000\040\000F\000i\000l\000e\000\040\000R\000e\000f\000e\000r\000e\000n\000c\000e}{chapter.6}% 337
\BOOKMARK [2][-]{subsection.6.35.1}{\376\377\0006\000.\0003\0005\000.\0001\000\040\000D\000e\000t\000a\000i\000l\000e\000d\000\040\000D\000e\000s\000c\000r\000i\000p\000t\000i\000o\000n}{section.6.35}% 338
\BOOKMARK [1][-]{section.6.36}{\376\377\0006\000.\0003\0006\000\040\000s\000r\000c\000/\000w\000i\000n\000/\000w\000i\000n\000\137\000c\000o\000m\000m\000o\000n\000.\000c\000p\000p\000\040\000F\000i\000l\000e\000\040\000R\000e\000f\000e\000r\000e\000n\000c\000e}{chapter.6}% 339
\BOOKMARK [2][-]{subsection.6.36.1}{\376\377\0006\000.\0003\0006\000.\0001\000\040\000D\000e\000t\000a\000i\000l\000e\000d\000\040\000D\000e\000s\000c\000r\000i\000p\000t\000i\000o\000n}{section.6.36}% 340
\BOOKMARK [1][-]{section.6.37}{\376\377\0006\000.\0003\0007\000\040\000s\000r\000c\000/\000w\000i\000n\000/\000w\000i\000n\000\137\000c\000o\000m\000m\000o\000n\000\137\000t\000h\000i\000r\000d\000\137\000p\000a\000r\000t\000y\000.\000c\000p\000p\000\040\000F\000i\000l\000e\000\040\000R\000e\000f\000e\000r\000e\000n\000c\000e}{chapter.6}% 341
\BOOKMARK [2][-]{subsection.6.37.1}{\376\377\0006\000.\0003\0007\000.\0001\000\040\000D\000e\000t\000a\000i\000l\000e\000d\000\040\000D\000e\000s\000c\000r\000i\000p\000t\000i\000o\000n}{section.6.37}% 342
\BOOKMARK [1][-]{section.6.38}{\376\377\0006\000.\0003\0008\000\040\000s\000r\000c\000/\000w\000i\000n\000/\000W\000i\000n\000d\000o\000w\000s\000D\000R\000A\000M\000P\000o\000w\000e\000r\000R\000e\000a\000d\000e\000r\000.\000c\000p\000p\000\040\000F\000i\000l\000e\000\040\000R\000e\000f\000e\000r\000e\000n\000c\000e}{chapter.6}% 343
\BOOKMARK [2][-]{subsection.6.38.1}{\376\377\0006\000.\0003\0008\000.\0001\000\040\000D\000e\000t\000a\000i\000l\000e\000d\000\040\000D\000e\000s\000c\000r\000i\000p\000t\000i\000o\000n}{section.6.38}% 344
\BOOKMARK [1][-]{section.6.39}{\376\377\0006\000.\0003\0009\000\040\000s\000r\000c\000/\000x\0008\0006\000\137\0006\0004\000/\000T\000S\000C\000T\000i\000m\000e\000r\000.\000c\000p\000p\000\040\000F\000i\000l\000e\000\040\000R\000e\000f\000e\000r\000e\000n\000c\000e}{chapter.6}% 345
\BOOKMARK [2][-]{subsection.6.39.1}{\376\377\0006\000.\0003\0009\000.\0001\000\040\000D\000e\000t\000a\000i\000l\000e\000d\000\040\000D\000e\000s\000c\000r\000i\000p\000t\000i\000o\000n}{section.6.39}% 346
\BOOKMARK [0][-]{section*.95}{\376\377\000I\000n\000d\000e\000x}{}% 347
